16 февр. 2022 12:56:37,740 system - system - system  INFO ExInfoLogger - SQL SESSION CLOSE SQL@1552007589
	at lsfusion.base.ExceptionUtils.getStackTrace(ExceptionUtils.java:30)
	at lsfusion.server.physics.admin.log.ServerLoggers.exinfoLog(ServerLoggers.java:124)
	at lsfusion.server.data.sql.SQLSession.onClose(SQLSession.java:2746)
	at lsfusion.server.data.sql.SQLSession.onClose(SQLSession.java:1)
	at lsfusion.server.base.MutableClosedObject.explicitClose(MutableClosedObject.java:23)
	at lsfusion.server.data.sql.SQLSession.close(SQLSession.java:3423)
	at lsfusion.server.physics.exec.db.controller.manager.DBManager.closeThreadLocalSql(DBManager.java:834)
	at lsfusion.server.base.controller.thread.ExecutorFactory$ClosableDaemonThreadFactory$ClosableThread.run(ExecutorFactory.java:558)

16 февр. 2022 12:57:36,813 system - system - system  INFO ExInfoLogger - SQL SESSION CLOSE SQL@605012765
	at lsfusion.base.ExceptionUtils.getStackTrace(ExceptionUtils.java:30)
	at lsfusion.server.physics.admin.log.ServerLoggers.exinfoLog(ServerLoggers.java:124)
	at lsfusion.server.data.sql.SQLSession.onClose(SQLSession.java:2746)
	at lsfusion.server.data.sql.SQLSession.onClose(SQLSession.java:1)
	at lsfusion.server.base.MutableClosedObject.explicitClose(MutableClosedObject.java:23)
	at lsfusion.server.data.sql.SQLSession.close(SQLSession.java:3423)
	at lsfusion.server.physics.exec.db.controller.manager.DBManager.closeThreadLocalSql(DBManager.java:834)
	at lsfusion.server.base.controller.thread.ExecutorFactory$ClosableDaemonThreadFactory$ClosableThread.run(ExecutorFactory.java:558)

16 февр. 2022 13:03:41,501 system - system - system  INFO ExInfoLogger - SQL SESSION CLOSE SQL@1684083851
	at lsfusion.base.ExceptionUtils.getStackTrace(ExceptionUtils.java:30)
	at lsfusion.server.physics.admin.log.ServerLoggers.exinfoLog(ServerLoggers.java:124)
	at lsfusion.server.data.sql.SQLSession.onClose(SQLSession.java:2746)
	at lsfusion.server.data.sql.SQLSession.onClose(SQLSession.java:1)
	at lsfusion.server.base.MutableClosedObject.explicitClose(MutableClosedObject.java:23)
	at lsfusion.server.data.sql.SQLSession.close(SQLSession.java:3423)
	at lsfusion.server.physics.exec.db.controller.manager.DBManager.closeThreadLocalSql(DBManager.java:834)
	at lsfusion.server.base.controller.thread.ExecutorFactory$ClosableDaemonThreadFactory$ClosableThread.run(ExecutorFactory.java:558)

16 февр. 2022 13:03:50,433 system - system - system  INFO ExInfoLogger - SQL SESSION CLOSE SQL@491832256
	at lsfusion.base.ExceptionUtils.getStackTrace(ExceptionUtils.java:30)
	at lsfusion.server.physics.admin.log.ServerLoggers.exinfoLog(ServerLoggers.java:124)
	at lsfusion.server.data.sql.SQLSession.onClose(SQLSession.java:2746)
	at lsfusion.server.data.sql.SQLSession.onClose(SQLSession.java:1)
	at lsfusion.server.base.MutableClosedObject.explicitClose(MutableClosedObject.java:23)
	at lsfusion.server.data.sql.SQLSession.close(SQLSession.java:3423)
	at lsfusion.server.physics.exec.db.controller.manager.DBManager.closeThreadLocalSql(DBManager.java:834)
	at lsfusion.server.base.controller.thread.ExecutorFactory$ClosableDaemonThreadFactory$ClosableThread.run(ExecutorFactory.java:558)

16 февр. 2022 13:03:50,435 system - system - system  INFO ExInfoLogger - SQL SESSION CLOSE SQL@968966829
	at lsfusion.base.ExceptionUtils.getStackTrace(ExceptionUtils.java:30)
	at lsfusion.server.physics.admin.log.ServerLoggers.exinfoLog(ServerLoggers.java:124)
	at lsfusion.server.data.sql.SQLSession.onClose(SQLSession.java:2746)
	at lsfusion.server.data.sql.SQLSession.onClose(SQLSession.java:1)
	at lsfusion.server.base.MutableClosedObject.explicitClose(MutableClosedObject.java:23)
	at lsfusion.server.data.sql.SQLSession.close(SQLSession.java:3423)
	at lsfusion.server.physics.exec.db.controller.manager.DBManager.closeThreadLocalSql(DBManager.java:834)
	at lsfusion.server.base.controller.thread.ExecutorFactory$ClosableDaemonThreadFactory$ClosableThread.run(ExecutorFactory.java:558)

16 февр. 2022 13:03:50,435 system - system - system  INFO ExInfoLogger - SQL SESSION CLOSE SQL@520575517
	at lsfusion.base.ExceptionUtils.getStackTrace(ExceptionUtils.java:30)
	at lsfusion.server.physics.admin.log.ServerLoggers.exinfoLog(ServerLoggers.java:124)
	at lsfusion.server.data.sql.SQLSession.onClose(SQLSession.java:2746)
	at lsfusion.server.data.sql.SQLSession.onClose(SQLSession.java:1)
	at lsfusion.server.base.MutableClosedObject.explicitClose(MutableClosedObject.java:23)
	at lsfusion.server.data.sql.SQLSession.close(SQLSession.java:3423)
	at lsfusion.server.physics.exec.db.controller.manager.DBManager.closeThreadLocalSql(DBManager.java:834)
	at lsfusion.server.base.controller.thread.ExecutorFactory$ClosableDaemonThreadFactory$ClosableThread.run(ExecutorFactory.java:558)

16 февр. 2022 13:03:50,438 system - system - system  INFO ExInfoLogger - SQL SESSION CLOSE SQL@882706486
	at lsfusion.base.ExceptionUtils.getStackTrace(ExceptionUtils.java:30)
	at lsfusion.server.physics.admin.log.ServerLoggers.exinfoLog(ServerLoggers.java:124)
	at lsfusion.server.data.sql.SQLSession.onClose(SQLSession.java:2746)
	at lsfusion.server.data.sql.SQLSession.onClose(SQLSession.java:1)
	at lsfusion.server.base.MutableClosedObject.explicitClose(MutableClosedObject.java:23)
	at lsfusion.server.data.sql.SQLSession.close(SQLSession.java:3423)
	at lsfusion.server.physics.exec.db.controller.manager.DBManager.closeThreadLocalSql(DBManager.java:834)
	at lsfusion.server.base.controller.thread.ThreadLocalContext.aspectAfter(ThreadLocalContext.java:341)
	at lsfusion.server.base.controller.thread.ThreadLocalContext.aspectAfterEvent(ThreadLocalContext.java:359)
	at lsfusion.server.base.controller.thread.ThreadLocalContext.aspectAfterEvent(ThreadLocalContext.java:371)
	at lsfusion.server.base.controller.thread.ThreadLocalContext.aspectAfterLifecycle(ThreadLocalContext.java:443)
	at lsfusion.server.logics.LogicsInstance.lambda$1(LogicsInstance.java:180)
	at lsfusion.server.logics.LogicsInstance.start(LogicsInstance.java:200)
	at lsfusion.server.logics.BusinessLogicsBootstrap.start(BusinessLogicsBootstrap.java:54)
	at lsfusion.server.logics.BusinessLogicsBootstrap.main(BusinessLogicsBootstrap.java:168)

16 февр. 2022 13:04:07,464 system - system - system  INFO ExInfoLogger - SQL SESSION CLOSE SQL@989347390
	at lsfusion.base.ExceptionUtils.getStackTrace(ExceptionUtils.java:30)
	at lsfusion.server.physics.admin.log.ServerLoggers.exinfoLog(ServerLoggers.java:124)
	at lsfusion.server.data.sql.SQLSession.onClose(SQLSession.java:2746)
	at lsfusion.server.data.sql.SQLSession.onClose(SQLSession.java:1)
	at lsfusion.server.base.MutableClosedObject.explicitClose(MutableClosedObject.java:23)
	at lsfusion.server.data.sql.SQLSession.close(SQLSession.java:3423)
	at lsfusion.server.physics.admin.authentication.controller.remote.RemoteConnection.onClose(RemoteConnection.java:256)
	at lsfusion.server.logics.action.session.controller.remote.RemoteSession.onClose(RemoteSession.java:296)
	at lsfusion.server.base.controller.remote.context.ContextAwarePendingRemoteObject.localClose(ContextAwarePendingRemoteObject.java:226)
	at lsfusion.server.logics.controller.remote.RemoteLogics.runInNewSession(RemoteLogics.java:151)
	at lsfusion.server.logics.controller.remote.RemoteLogics.exec_aroundBody16(RemoteLogics.java:157)
	at lsfusion.server.logics.controller.remote.RemoteLogics$AjcClosure17.run(RemoteLogics.java:1)
	at org.aspectj.runtime.reflect.JoinPointImpl.proceed(JoinPointImpl.java:149)
	at lsfusion.server.base.controller.stack.ExecutionStackAspect.processStackItem(ExecutionStackAspect.java:306)
	at lsfusion.server.base.controller.stack.ExecutionStackAspect.ajc$inlineAccessMethod$lsfusion_server_base_controller_stack_ExecutionStackAspect$lsfusion_server_base_controller_stack_ExecutionStackAspect$processStackItem(ExecutionStackAspect.java:1)
	at lsfusion.server.base.controller.stack.ExecutionStackAspect.execute(ExecutionStackAspect.java:218)
	at lsfusion.server.logics.controller.remote.RemoteLogics.exec_aroundBody18(RemoteLogics.java:156)
	at lsfusion.server.logics.controller.remote.RemoteLogics$AjcClosure19.run(RemoteLogics.java:1)
	at org.aspectj.runtime.reflect.JoinPointImpl.proceed(JoinPointImpl.java:149)
	at lsfusion.server.physics.admin.log.RemoteLoggerAspect.executeRemoteMethod(RemoteLoggerAspect.java:35)
	at lsfusion.server.logics.controller.remote.RemoteLogics.exec_aroundBody20(RemoteLogics.java:156)
	at lsfusion.server.logics.controller.remote.RemoteLogics.exec_aroundBody21$advice(RemoteLogics.java:30)
	at lsfusion.server.logics.controller.remote.RemoteLogics.exec_aroundBody22(RemoteLogics.java:1)
	at lsfusion.server.logics.controller.remote.RemoteLogics.exec_aroundBody23$advice(RemoteLogics.java:47)
	at lsfusion.server.logics.controller.remote.RemoteLogics.exec(RemoteLogics.java:1)
	at java.base/jdk.internal.reflect.NativeMethodAccessorImpl.invoke0(Native Method)
	at java.base/jdk.internal.reflect.NativeMethodAccessorImpl.invoke(NativeMethodAccessorImpl.java:62)
	at java.base/jdk.internal.reflect.DelegatingMethodAccessorImpl.invoke(DelegatingMethodAccessorImpl.java:43)
	at java.base/java.lang.reflect.Method.invoke(Method.java:566)
	at java.rmi/sun.rmi.server.UnicastServerRef.dispatch(UnicastServerRef.java:359)
	at java.rmi/sun.rmi.transport.Transport$1.run(Transport.java:200)
	at java.rmi/sun.rmi.transport.Transport$1.run(Transport.java:197)
	at java.base/java.security.AccessController.doPrivileged(Native Method)
	at java.rmi/sun.rmi.transport.Transport.serviceCall(Transport.java:196)
	at java.rmi/sun.rmi.transport.tcp.TCPTransport.handleMessages(TCPTransport.java:562)
	at java.rmi/sun.rmi.transport.tcp.TCPTransport$ConnectionHandler.run0(TCPTransport.java:796)
	at java.rmi/sun.rmi.transport.tcp.TCPTransport$ConnectionHandler.lambda$run$0(TCPTransport.java:677)
	at java.base/java.security.AccessController.doPrivileged(Native Method)
	at java.rmi/sun.rmi.transport.tcp.TCPTransport$ConnectionHandler.run(TCPTransport.java:676)
	at java.base/java.util.concurrent.ThreadPoolExecutor.runWorker(ThreadPoolExecutor.java:1128)
	at java.base/java.util.concurrent.ThreadPoolExecutor$Worker.run(ThreadPoolExecutor.java:628)
	at java.base/java.lang.Thread.run(Thread.java:834)

16 февр. 2022 13:04:07,653 system - system - system  INFO ExInfoLogger - SQL SESSION CLOSE SQL@861071426
	at lsfusion.base.ExceptionUtils.getStackTrace(ExceptionUtils.java:30)
	at lsfusion.server.physics.admin.log.ServerLoggers.exinfoLog(ServerLoggers.java:124)
	at lsfusion.server.data.sql.SQLSession.onClose(SQLSession.java:2746)
	at lsfusion.server.data.sql.SQLSession.onClose(SQLSession.java:1)
	at lsfusion.server.base.MutableClosedObject.explicitClose(MutableClosedObject.java:23)
	at lsfusion.server.data.sql.SQLSession.close(SQLSession.java:3423)
	at lsfusion.server.physics.admin.authentication.controller.remote.RemoteConnection.onClose(RemoteConnection.java:256)
	at lsfusion.server.logics.action.session.controller.remote.RemoteSession.onClose(RemoteSession.java:296)
	at lsfusion.server.base.controller.remote.context.ContextAwarePendingRemoteObject.localClose(ContextAwarePendingRemoteObject.java:226)
	at lsfusion.server.logics.controller.remote.RemoteLogics.runInNewSession(RemoteLogics.java:151)
	at lsfusion.server.logics.controller.remote.RemoteLogics.exec_aroundBody16(RemoteLogics.java:157)
	at lsfusion.server.logics.controller.remote.RemoteLogics$AjcClosure17.run(RemoteLogics.java:1)
	at org.aspectj.runtime.reflect.JoinPointImpl.proceed(JoinPointImpl.java:149)
	at lsfusion.server.base.controller.stack.ExecutionStackAspect.processStackItem(ExecutionStackAspect.java:306)
	at lsfusion.server.base.controller.stack.ExecutionStackAspect.ajc$inlineAccessMethod$lsfusion_server_base_controller_stack_ExecutionStackAspect$lsfusion_server_base_controller_stack_ExecutionStackAspect$processStackItem(ExecutionStackAspect.java:1)
	at lsfusion.server.base.controller.stack.ExecutionStackAspect.execute(ExecutionStackAspect.java:218)
	at lsfusion.server.logics.controller.remote.RemoteLogics.exec_aroundBody18(RemoteLogics.java:156)
	at lsfusion.server.logics.controller.remote.RemoteLogics$AjcClosure19.run(RemoteLogics.java:1)
	at org.aspectj.runtime.reflect.JoinPointImpl.proceed(JoinPointImpl.java:149)
	at lsfusion.server.physics.admin.log.RemoteLoggerAspect.executeRemoteMethod(RemoteLoggerAspect.java:35)
	at lsfusion.server.logics.controller.remote.RemoteLogics.exec_aroundBody20(RemoteLogics.java:156)
	at lsfusion.server.logics.controller.remote.RemoteLogics.exec_aroundBody21$advice(RemoteLogics.java:30)
	at lsfusion.server.logics.controller.remote.RemoteLogics.exec_aroundBody22(RemoteLogics.java:1)
	at lsfusion.server.logics.controller.remote.RemoteLogics.exec_aroundBody23$advice(RemoteLogics.java:47)
	at lsfusion.server.logics.controller.remote.RemoteLogics.exec(RemoteLogics.java:1)
	at java.base/jdk.internal.reflect.NativeMethodAccessorImpl.invoke0(Native Method)
	at java.base/jdk.internal.reflect.NativeMethodAccessorImpl.invoke(NativeMethodAccessorImpl.java:62)
	at java.base/jdk.internal.reflect.DelegatingMethodAccessorImpl.invoke(DelegatingMethodAccessorImpl.java:43)
	at java.base/java.lang.reflect.Method.invoke(Method.java:566)
	at java.rmi/sun.rmi.server.UnicastServerRef.dispatch(UnicastServerRef.java:359)
	at java.rmi/sun.rmi.transport.Transport$1.run(Transport.java:200)
	at java.rmi/sun.rmi.transport.Transport$1.run(Transport.java:197)
	at java.base/java.security.AccessController.doPrivileged(Native Method)
	at java.rmi/sun.rmi.transport.Transport.serviceCall(Transport.java:196)
	at java.rmi/sun.rmi.transport.tcp.TCPTransport.handleMessages(TCPTransport.java:562)
	at java.rmi/sun.rmi.transport.tcp.TCPTransport$ConnectionHandler.run0(TCPTransport.java:796)
	at java.rmi/sun.rmi.transport.tcp.TCPTransport$ConnectionHandler.lambda$run$0(TCPTransport.java:677)
	at java.base/java.security.AccessController.doPrivileged(Native Method)
	at java.rmi/sun.rmi.transport.tcp.TCPTransport$ConnectionHandler.run(TCPTransport.java:676)
	at java.base/java.util.concurrent.ThreadPoolExecutor.runWorker(ThreadPoolExecutor.java:1128)
	at java.base/java.util.concurrent.ThreadPoolExecutor$Worker.run(ThreadPoolExecutor.java:628)
	at java.base/java.lang.Thread.run(Thread.java:834)

16 февр. 2022 13:04:12,193 system - system - system  INFO ExInfoLogger - SQL SESSION CLOSE SQL@894844174
	at lsfusion.base.ExceptionUtils.getStackTrace(ExceptionUtils.java:30)
	at lsfusion.server.physics.admin.log.ServerLoggers.exinfoLog(ServerLoggers.java:124)
	at lsfusion.server.data.sql.SQLSession.onClose(SQLSession.java:2746)
	at lsfusion.server.data.sql.SQLSession.onClose(SQLSession.java:1)
	at lsfusion.server.base.MutableClosedObject.explicitClose(MutableClosedObject.java:23)
	at lsfusion.server.data.sql.SQLSession.close(SQLSession.java:3423)
	at lsfusion.server.physics.admin.authentication.controller.remote.RemoteConnection.onClose(RemoteConnection.java:256)
	at lsfusion.server.logics.action.session.controller.remote.RemoteSession.onClose(RemoteSession.java:296)
	at lsfusion.server.base.controller.remote.context.ContextAwarePendingRemoteObject.localClose(ContextAwarePendingRemoteObject.java:226)
	at lsfusion.server.logics.controller.remote.RemoteLogics.runInNewSession(RemoteLogics.java:151)
	at lsfusion.server.logics.controller.remote.RemoteLogics.exec_aroundBody16(RemoteLogics.java:157)
	at lsfusion.server.logics.controller.remote.RemoteLogics$AjcClosure17.run(RemoteLogics.java:1)
	at org.aspectj.runtime.reflect.JoinPointImpl.proceed(JoinPointImpl.java:149)
	at lsfusion.server.base.controller.stack.ExecutionStackAspect.processStackItem(ExecutionStackAspect.java:306)
	at lsfusion.server.base.controller.stack.ExecutionStackAspect.ajc$inlineAccessMethod$lsfusion_server_base_controller_stack_ExecutionStackAspect$lsfusion_server_base_controller_stack_ExecutionStackAspect$processStackItem(ExecutionStackAspect.java:1)
	at lsfusion.server.base.controller.stack.ExecutionStackAspect.execute(ExecutionStackAspect.java:218)
	at lsfusion.server.logics.controller.remote.RemoteLogics.exec_aroundBody18(RemoteLogics.java:156)
	at lsfusion.server.logics.controller.remote.RemoteLogics$AjcClosure19.run(RemoteLogics.java:1)
	at org.aspectj.runtime.reflect.JoinPointImpl.proceed(JoinPointImpl.java:149)
	at lsfusion.server.physics.admin.log.RemoteLoggerAspect.executeRemoteMethod(RemoteLoggerAspect.java:35)
	at lsfusion.server.logics.controller.remote.RemoteLogics.exec_aroundBody20(RemoteLogics.java:156)
	at lsfusion.server.logics.controller.remote.RemoteLogics.exec_aroundBody21$advice(RemoteLogics.java:30)
	at lsfusion.server.logics.controller.remote.RemoteLogics.exec_aroundBody22(RemoteLogics.java:1)
	at lsfusion.server.logics.controller.remote.RemoteLogics.exec_aroundBody23$advice(RemoteLogics.java:47)
	at lsfusion.server.logics.controller.remote.RemoteLogics.exec(RemoteLogics.java:1)
	at java.base/jdk.internal.reflect.NativeMethodAccessorImpl.invoke0(Native Method)
	at java.base/jdk.internal.reflect.NativeMethodAccessorImpl.invoke(NativeMethodAccessorImpl.java:62)
	at java.base/jdk.internal.reflect.DelegatingMethodAccessorImpl.invoke(DelegatingMethodAccessorImpl.java:43)
	at java.base/java.lang.reflect.Method.invoke(Method.java:566)
	at java.rmi/sun.rmi.server.UnicastServerRef.dispatch(UnicastServerRef.java:359)
	at java.rmi/sun.rmi.transport.Transport$1.run(Transport.java:200)
	at java.rmi/sun.rmi.transport.Transport$1.run(Transport.java:197)
	at java.base/java.security.AccessController.doPrivileged(Native Method)
	at java.rmi/sun.rmi.transport.Transport.serviceCall(Transport.java:196)
	at java.rmi/sun.rmi.transport.tcp.TCPTransport.handleMessages(TCPTransport.java:562)
	at java.rmi/sun.rmi.transport.tcp.TCPTransport$ConnectionHandler.run0(TCPTransport.java:796)
	at java.rmi/sun.rmi.transport.tcp.TCPTransport$ConnectionHandler.lambda$run$0(TCPTransport.java:677)
	at java.base/java.security.AccessController.doPrivileged(Native Method)
	at java.rmi/sun.rmi.transport.tcp.TCPTransport$ConnectionHandler.run(TCPTransport.java:676)
	at java.base/java.util.concurrent.ThreadPoolExecutor.runWorker(ThreadPoolExecutor.java:1128)
	at java.base/java.util.concurrent.ThreadPoolExecutor$Worker.run(ThreadPoolExecutor.java:628)
	at java.base/java.lang.Thread.run(Thread.java:834)

16 февр. 2022 13:04:12,369 system - system - system  INFO ExInfoLogger - SQL SESSION CLOSE SQL@921865297
	at lsfusion.base.ExceptionUtils.getStackTrace(ExceptionUtils.java:30)
	at lsfusion.server.physics.admin.log.ServerLoggers.exinfoLog(ServerLoggers.java:124)
	at lsfusion.server.data.sql.SQLSession.onClose(SQLSession.java:2746)
	at lsfusion.server.data.sql.SQLSession.onClose(SQLSession.java:1)
	at lsfusion.server.base.MutableClosedObject.explicitClose(MutableClosedObject.java:23)
	at lsfusion.server.data.sql.SQLSession.close(SQLSession.java:3423)
	at lsfusion.server.physics.admin.authentication.controller.remote.RemoteConnection.onClose(RemoteConnection.java:256)
	at lsfusion.server.logics.action.session.controller.remote.RemoteSession.onClose(RemoteSession.java:296)
	at lsfusion.server.base.controller.remote.context.ContextAwarePendingRemoteObject.localClose(ContextAwarePendingRemoteObject.java:226)
	at lsfusion.server.logics.controller.remote.RemoteLogics.runInNewSession(RemoteLogics.java:151)
	at lsfusion.server.logics.controller.remote.RemoteLogics.exec_aroundBody16(RemoteLogics.java:157)
	at lsfusion.server.logics.controller.remote.RemoteLogics$AjcClosure17.run(RemoteLogics.java:1)
	at org.aspectj.runtime.reflect.JoinPointImpl.proceed(JoinPointImpl.java:149)
	at lsfusion.server.base.controller.stack.ExecutionStackAspect.processStackItem(ExecutionStackAspect.java:306)
	at lsfusion.server.base.controller.stack.ExecutionStackAspect.ajc$inlineAccessMethod$lsfusion_server_base_controller_stack_ExecutionStackAspect$lsfusion_server_base_controller_stack_ExecutionStackAspect$processStackItem(ExecutionStackAspect.java:1)
	at lsfusion.server.base.controller.stack.ExecutionStackAspect.execute(ExecutionStackAspect.java:218)
	at lsfusion.server.logics.controller.remote.RemoteLogics.exec_aroundBody18(RemoteLogics.java:156)
	at lsfusion.server.logics.controller.remote.RemoteLogics$AjcClosure19.run(RemoteLogics.java:1)
	at org.aspectj.runtime.reflect.JoinPointImpl.proceed(JoinPointImpl.java:149)
	at lsfusion.server.physics.admin.log.RemoteLoggerAspect.executeRemoteMethod(RemoteLoggerAspect.java:35)
	at lsfusion.server.logics.controller.remote.RemoteLogics.exec_aroundBody20(RemoteLogics.java:156)
	at lsfusion.server.logics.controller.remote.RemoteLogics.exec_aroundBody21$advice(RemoteLogics.java:30)
	at lsfusion.server.logics.controller.remote.RemoteLogics.exec_aroundBody22(RemoteLogics.java:1)
	at lsfusion.server.logics.controller.remote.RemoteLogics.exec_aroundBody23$advice(RemoteLogics.java:47)
	at lsfusion.server.logics.controller.remote.RemoteLogics.exec(RemoteLogics.java:1)
	at java.base/jdk.internal.reflect.NativeMethodAccessorImpl.invoke0(Native Method)
	at java.base/jdk.internal.reflect.NativeMethodAccessorImpl.invoke(NativeMethodAccessorImpl.java:62)
	at java.base/jdk.internal.reflect.DelegatingMethodAccessorImpl.invoke(DelegatingMethodAccessorImpl.java:43)
	at java.base/java.lang.reflect.Method.invoke(Method.java:566)
	at java.rmi/sun.rmi.server.UnicastServerRef.dispatch(UnicastServerRef.java:359)
	at java.rmi/sun.rmi.transport.Transport$1.run(Transport.java:200)
	at java.rmi/sun.rmi.transport.Transport$1.run(Transport.java:197)
	at java.base/java.security.AccessController.doPrivileged(Native Method)
	at java.rmi/sun.rmi.transport.Transport.serviceCall(Transport.java:196)
	at java.rmi/sun.rmi.transport.tcp.TCPTransport.handleMessages(TCPTransport.java:562)
	at java.rmi/sun.rmi.transport.tcp.TCPTransport$ConnectionHandler.run0(TCPTransport.java:796)
	at java.rmi/sun.rmi.transport.tcp.TCPTransport$ConnectionHandler.lambda$run$0(TCPTransport.java:677)
	at java.base/java.security.AccessController.doPrivileged(Native Method)
	at java.rmi/sun.rmi.transport.tcp.TCPTransport$ConnectionHandler.run(TCPTransport.java:676)
	at java.base/java.util.concurrent.ThreadPoolExecutor.runWorker(ThreadPoolExecutor.java:1128)
	at java.base/java.util.concurrent.ThreadPoolExecutor$Worker.run(ThreadPoolExecutor.java:628)
	at java.base/java.lang.Thread.run(Thread.java:834)

16 февр. 2022 13:04:12,535 system - system - system  INFO ExInfoLogger - SQL SESSION CLOSE SQL@815503775
	at lsfusion.base.ExceptionUtils.getStackTrace(ExceptionUtils.java:30)
	at lsfusion.server.physics.admin.log.ServerLoggers.exinfoLog(ServerLoggers.java:124)
	at lsfusion.server.data.sql.SQLSession.onClose(SQLSession.java:2746)
	at lsfusion.server.data.sql.SQLSession.onClose(SQLSession.java:1)
	at lsfusion.server.base.MutableClosedObject.explicitClose(MutableClosedObject.java:23)
	at lsfusion.server.data.sql.SQLSession.close(SQLSession.java:3423)
	at lsfusion.server.physics.admin.authentication.controller.remote.RemoteConnection.onClose(RemoteConnection.java:256)
	at lsfusion.server.logics.action.session.controller.remote.RemoteSession.onClose(RemoteSession.java:296)
	at lsfusion.server.base.controller.remote.context.ContextAwarePendingRemoteObject.localClose(ContextAwarePendingRemoteObject.java:226)
	at lsfusion.server.logics.controller.remote.RemoteLogics.runInNewSession(RemoteLogics.java:151)
	at lsfusion.server.logics.controller.remote.RemoteLogics.exec_aroundBody16(RemoteLogics.java:157)
	at lsfusion.server.logics.controller.remote.RemoteLogics$AjcClosure17.run(RemoteLogics.java:1)
	at org.aspectj.runtime.reflect.JoinPointImpl.proceed(JoinPointImpl.java:149)
	at lsfusion.server.base.controller.stack.ExecutionStackAspect.processStackItem(ExecutionStackAspect.java:306)
	at lsfusion.server.base.controller.stack.ExecutionStackAspect.ajc$inlineAccessMethod$lsfusion_server_base_controller_stack_ExecutionStackAspect$lsfusion_server_base_controller_stack_ExecutionStackAspect$processStackItem(ExecutionStackAspect.java:1)
	at lsfusion.server.base.controller.stack.ExecutionStackAspect.execute(ExecutionStackAspect.java:218)
	at lsfusion.server.logics.controller.remote.RemoteLogics.exec_aroundBody18(RemoteLogics.java:156)
	at lsfusion.server.logics.controller.remote.RemoteLogics$AjcClosure19.run(RemoteLogics.java:1)
	at org.aspectj.runtime.reflect.JoinPointImpl.proceed(JoinPointImpl.java:149)
	at lsfusion.server.physics.admin.log.RemoteLoggerAspect.executeRemoteMethod(RemoteLoggerAspect.java:35)
	at lsfusion.server.logics.controller.remote.RemoteLogics.exec_aroundBody20(RemoteLogics.java:156)
	at lsfusion.server.logics.controller.remote.RemoteLogics.exec_aroundBody21$advice(RemoteLogics.java:30)
	at lsfusion.server.logics.controller.remote.RemoteLogics.exec_aroundBody22(RemoteLogics.java:1)
	at lsfusion.server.logics.controller.remote.RemoteLogics.exec_aroundBody23$advice(RemoteLogics.java:47)
	at lsfusion.server.logics.controller.remote.RemoteLogics.exec(RemoteLogics.java:1)
	at java.base/jdk.internal.reflect.NativeMethodAccessorImpl.invoke0(Native Method)
	at java.base/jdk.internal.reflect.NativeMethodAccessorImpl.invoke(NativeMethodAccessorImpl.java:62)
	at java.base/jdk.internal.reflect.DelegatingMethodAccessorImpl.invoke(DelegatingMethodAccessorImpl.java:43)
	at java.base/java.lang.reflect.Method.invoke(Method.java:566)
	at java.rmi/sun.rmi.server.UnicastServerRef.dispatch(UnicastServerRef.java:359)
	at java.rmi/sun.rmi.transport.Transport$1.run(Transport.java:200)
	at java.rmi/sun.rmi.transport.Transport$1.run(Transport.java:197)
	at java.base/java.security.AccessController.doPrivileged(Native Method)
	at java.rmi/sun.rmi.transport.Transport.serviceCall(Transport.java:196)
	at java.rmi/sun.rmi.transport.tcp.TCPTransport.handleMessages(TCPTransport.java:562)
	at java.rmi/sun.rmi.transport.tcp.TCPTransport$ConnectionHandler.run0(TCPTransport.java:796)
	at java.rmi/sun.rmi.transport.tcp.TCPTransport$ConnectionHandler.lambda$run$0(TCPTransport.java:677)
	at java.base/java.security.AccessController.doPrivileged(Native Method)
	at java.rmi/sun.rmi.transport.tcp.TCPTransport$ConnectionHandler.run(TCPTransport.java:676)
	at java.base/java.util.concurrent.ThreadPoolExecutor.runWorker(ThreadPoolExecutor.java:1128)
	at java.base/java.util.concurrent.ThreadPoolExecutor$Worker.run(ThreadPoolExecutor.java:628)
	at java.base/java.lang.Thread.run(Thread.java:834)

