16 февр. 2022 13:03:40,811 system - system - system  INFO SQLConnectionLogger - NEW CONNECTION : 16128, Time : 78, Current connections count : 1
16 февр. 2022 13:03:40,833 system - system - system  INFO SQLConnectionLogger - CLOSE CONNECTION TO CACHE (size : 1) CONNECTION : 16128, Current connections count : 1
16 февр. 2022 13:03:41,500 system - system - system  INFO SQLConnectionLogger - NEW CONNECTION FROM CACHE (size : 0) CONNECTION : 16128, Current connections count : 1
16 февр. 2022 13:03:41,617 system - system - system  INFO SQLConnectionLogger - CLOSE CONNECTION TO CACHE (size : 1) CONNECTION : 16128, Current connections count : 1
16 февр. 2022 13:03:41,618 system - system - system  INFO SQLConnectionLogger - NEW CONNECTION FROM CACHE (size : 0) CONNECTION : 16128, Current connections count : 1
16 февр. 2022 13:03:41,622 system - system - system  INFO SQLConnectionLogger - CLOSE CONNECTION TO CACHE (size : 1) CONNECTION : 16128, Current connections count : 1
16 февр. 2022 13:03:41,624 system - system - system  INFO SQLConnectionLogger - NEW CONNECTION FROM CACHE (size : 0) CONNECTION : 16128, Current connections count : 1
16 февр. 2022 13:03:42,461 system - system - system  INFO SQLConnectionLogger - NEW CONNECTION : 6360, Time : 122, Current connections count : 2
16 февр. 2022 13:03:42,476 system - system - system  INFO SQLConnectionLogger - CLOSE CONNECTION TO CACHE (size : 1) CONNECTION : 6360, Current connections count : 2
16 февр. 2022 13:03:42,476 system - system - system  INFO SQLConnectionLogger - NEW CONNECTION FROM CACHE (size : 0) CONNECTION : 6360, Current connections count : 2
16 февр. 2022 13:03:42,480 system - system - system  INFO SQLConnectionLogger - CLOSE CONNECTION TO CACHE (size : 1) CONNECTION : 6360, Current connections count : 2
16 февр. 2022 13:03:42,559 system - system - system  INFO SQLConnectionLogger - NEW CONNECTION FROM CACHE (size : 0) CONNECTION : 6360, Current connections count : 2
16 февр. 2022 13:03:42,563 system - system - system  INFO SQLConnectionLogger - CLOSE CONNECTION TO CACHE (size : 1) CONNECTION : 6360, Current connections count : 2
16 февр. 2022 13:03:46,048 system - system - system  INFO SQLConnectionLogger - CLOSE CONNECTION TO CACHE (size : 2) CONNECTION : 16128, Current connections count : 2
16 февр. 2022 13:03:46,056 system - system - system  INFO SQLConnectionLogger - NEW CONNECTION FROM CACHE (size : 1) CONNECTION : 16128, Current connections count : 2
16 февр. 2022 13:03:46,120 system - system - system  INFO SQLConnectionLogger - CLOSE CONNECTION TO CACHE (size : 2) CONNECTION : 16128, Current connections count : 2
16 февр. 2022 13:03:46,122 system - system - system  INFO SQLConnectionLogger - NEW CONNECTION FROM CACHE (size : 1) CONNECTION : 16128, Current connections count : 2
16 февр. 2022 13:03:46,139 system - system - system  INFO SQLConnectionLogger - CLOSE CONNECTION TO CACHE (size : 2) CONNECTION : 16128, Current connections count : 2
16 февр. 2022 13:03:46,141 system - system - system  INFO SQLConnectionLogger - NEW CONNECTION FROM CACHE (size : 1) CONNECTION : 16128, Current connections count : 2
16 февр. 2022 13:03:46,141 system - system - system  INFO SQLConnectionLogger - CLOSE CONNECTION TO CACHE (size : 2) CONNECTION : 16128, Current connections count : 2
16 февр. 2022 13:03:46,144 system - system - system  INFO SQLConnectionLogger - NEW CONNECTION FROM CACHE (size : 1) CONNECTION : 16128, Current connections count : 2
16 февр. 2022 13:03:46,250 system - system - system  INFO SQLConnectionLogger - CLOSE CONNECTION TO CACHE (size : 2) CONNECTION : 16128, Current connections count : 2
16 февр. 2022 13:03:46,298 system - system - system  INFO SQLConnectionLogger - NEW CONNECTION FROM CACHE (size : 1) CONNECTION : 16128, Current connections count : 2
16 февр. 2022 13:03:46,300 system - system - system  INFO SQLConnectionLogger - CLOSE CONNECTION TO CACHE (size : 2) CONNECTION : 16128, Current connections count : 2
16 февр. 2022 13:03:46,305 system - system - system  INFO SQLConnectionLogger - NEW CONNECTION FROM CACHE (size : 1) CONNECTION : 16128, Current connections count : 2
16 февр. 2022 13:03:46,395 system - system - system  INFO SQLConnectionLogger - CLOSE CONNECTION TO CACHE (size : 2) CONNECTION : 16128, Current connections count : 2
16 февр. 2022 13:03:46,429 system - system - system  INFO SQLConnectionLogger - NEW CONNECTION FROM CACHE (size : 1) CONNECTION : 16128, Current connections count : 2
16 февр. 2022 13:03:46,431 system - system - system  INFO SQLConnectionLogger - CLOSE CONNECTION TO CACHE (size : 2) CONNECTION : 16128, Current connections count : 2
16 февр. 2022 13:03:46,434 system - system - system  INFO SQLConnectionLogger - NEW CONNECTION FROM CACHE (size : 1) CONNECTION : 16128, Current connections count : 2
16 февр. 2022 13:03:46,435 system - system - system  INFO SQLConnectionLogger - CLOSE CONNECTION TO CACHE (size : 2) CONNECTION : 16128, Current connections count : 2
16 февр. 2022 13:03:46,442 system - system - system  INFO SQLConnectionLogger - NEW CONNECTION FROM CACHE (size : 1) CONNECTION : 16128, Current connections count : 2
16 февр. 2022 13:03:46,445 system - system - system  INFO SQLConnectionLogger - CLOSE CONNECTION TO CACHE (size : 2) CONNECTION : 16128, Current connections count : 2
16 февр. 2022 13:03:46,451 system - system - system  INFO SQLConnectionLogger - NEW CONNECTION FROM CACHE (size : 1) CONNECTION : 16128, Current connections count : 2
16 февр. 2022 13:03:46,453 system - system - system  INFO SQLConnectionLogger - CLOSE CONNECTION TO CACHE (size : 2) CONNECTION : 16128, Current connections count : 2
16 февр. 2022 13:03:46,455 system - system - system  INFO SQLConnectionLogger - NEW CONNECTION FROM CACHE (size : 1) CONNECTION : 16128, Current connections count : 2
16 февр. 2022 13:03:46,456 system - system - system  INFO SQLConnectionLogger - CLOSE CONNECTION TO CACHE (size : 2) CONNECTION : 16128, Current connections count : 2
16 февр. 2022 13:03:46,457 system - system - system  INFO SQLConnectionLogger - NEW CONNECTION FROM CACHE (size : 1) CONNECTION : 16128, Current connections count : 2
16 февр. 2022 13:03:46,458 system - system - system  INFO SQLConnectionLogger - CLOSE CONNECTION TO CACHE (size : 2) CONNECTION : 16128, Current connections count : 2
16 февр. 2022 13:03:46,464 system - system - system  INFO SQLConnectionLogger - NEW CONNECTION FROM CACHE (size : 1) CONNECTION : 16128, Current connections count : 2
16 февр. 2022 13:03:46,465 system - system - system  INFO SQLConnectionLogger - CLOSE CONNECTION TO CACHE (size : 2) CONNECTION : 16128, Current connections count : 2
16 февр. 2022 13:03:46,465 system - system - system  INFO SQLConnectionLogger - NEW CONNECTION FROM CACHE (size : 1) CONNECTION : 16128, Current connections count : 2
16 февр. 2022 13:03:46,694 system - system - system  INFO SQLConnectionLogger - CLOSE CONNECTION TO CACHE (size : 2) CONNECTION : 16128, Current connections count : 2
16 февр. 2022 13:03:46,697 system - system - system  INFO SQLConnectionLogger - NEW CONNECTION FROM CACHE (size : 1) CONNECTION : 16128, Current connections count : 2
16 февр. 2022 13:03:46,697 system - system - system  INFO SQLConnectionLogger - CLOSE CONNECTION TO CACHE (size : 2) CONNECTION : 16128, Current connections count : 2
16 февр. 2022 13:03:46,700 system - system - system  INFO SQLConnectionLogger - NEW CONNECTION FROM CACHE (size : 1) CONNECTION : 16128, Current connections count : 2
16 февр. 2022 13:03:46,701 system - system - system  INFO SQLConnectionLogger - CLOSE CONNECTION TO CACHE (size : 2) CONNECTION : 16128, Current connections count : 2
16 февр. 2022 13:03:46,705 system - system - system  INFO SQLConnectionLogger - NEW CONNECTION FROM CACHE (size : 1) CONNECTION : 16128, Current connections count : 2
16 февр. 2022 13:03:46,707 system - system - system  INFO SQLConnectionLogger - CLOSE CONNECTION TO CACHE (size : 2) CONNECTION : 16128, Current connections count : 2
16 февр. 2022 13:03:46,714 system - system - system  INFO SQLConnectionLogger - NEW CONNECTION FROM CACHE (size : 1) CONNECTION : 16128, Current connections count : 2
16 февр. 2022 13:03:46,859 system - system - system  INFO SQLConnectionLogger - CLOSE CONNECTION TO CACHE (size : 2) CONNECTION : 16128, Current connections count : 2
16 февр. 2022 13:03:46,863 system - system - system  INFO SQLConnectionLogger - NEW CONNECTION FROM CACHE (size : 1) CONNECTION : 16128, Current connections count : 2
16 февр. 2022 13:03:46,864 system - system - system  INFO SQLConnectionLogger - CLOSE CONNECTION TO CACHE (size : 2) CONNECTION : 16128, Current connections count : 2
16 февр. 2022 13:03:46,869 system - system - system  INFO SQLConnectionLogger - NEW CONNECTION FROM CACHE (size : 1) CONNECTION : 16128, Current connections count : 2
16 февр. 2022 13:03:46,924 system - system - system  INFO SQLConnectionLogger - CLOSE CONNECTION TO CACHE (size : 2) CONNECTION : 16128, Current connections count : 2
16 февр. 2022 13:03:46,930 system - system - system  INFO SQLConnectionLogger - NEW CONNECTION FROM CACHE (size : 1) CONNECTION : 16128, Current connections count : 2
16 февр. 2022 13:03:46,931 system - system - system  INFO SQLConnectionLogger - CLOSE CONNECTION TO CACHE (size : 2) CONNECTION : 16128, Current connections count : 2
16 февр. 2022 13:03:46,932 system - system - system  INFO SQLConnectionLogger - NEW CONNECTION FROM CACHE (size : 1) CONNECTION : 16128, Current connections count : 2
16 февр. 2022 13:03:46,933 system - system - system  INFO SQLConnectionLogger - CLOSE CONNECTION TO CACHE (size : 2) CONNECTION : 16128, Current connections count : 2
16 февр. 2022 13:03:46,935 system - system - system  INFO SQLConnectionLogger - NEW CONNECTION FROM CACHE (size : 1) CONNECTION : 16128, Current connections count : 2
16 февр. 2022 13:03:46,950 system - system - system  INFO SQLConnectionLogger - CLOSE CONNECTION TO CACHE (size : 2) CONNECTION : 16128, Current connections count : 2
16 февр. 2022 13:03:46,982 system - system - system  INFO SQLConnectionLogger - NEW CONNECTION FROM CACHE (size : 1) CONNECTION : 16128, Current connections count : 2
16 февр. 2022 13:03:46,984 system - system - system  INFO SQLConnectionLogger - CLOSE CONNECTION TO CACHE (size : 2) CONNECTION : 16128, Current connections count : 2
16 февр. 2022 13:03:46,997 system - system - system  INFO SQLConnectionLogger - NEW CONNECTION FROM CACHE (size : 1) CONNECTION : 16128, Current connections count : 2
16 февр. 2022 13:03:46,998 system - system - system  INFO SQLConnectionLogger - CLOSE CONNECTION TO CACHE (size : 2) CONNECTION : 16128, Current connections count : 2
16 февр. 2022 13:03:46,999 system - system - system  INFO SQLConnectionLogger - NEW CONNECTION FROM CACHE (size : 1) CONNECTION : 16128, Current connections count : 2
16 февр. 2022 13:03:47,560 system - system - system  INFO SQLConnectionLogger - CLOSE CONNECTION TO CACHE (size : 2) CONNECTION : 16128, Current connections count : 2
16 февр. 2022 13:03:47,567 system - system - system  INFO SQLConnectionLogger - NEW CONNECTION FROM CACHE (size : 1) CONNECTION : 16128, Current connections count : 2
16 февр. 2022 13:03:47,568 system - system - system  INFO SQLConnectionLogger - CLOSE CONNECTION TO CACHE (size : 2) CONNECTION : 16128, Current connections count : 2
16 февр. 2022 13:03:47,568 system - system - system  INFO SQLConnectionLogger - NEW CONNECTION FROM CACHE (size : 1) CONNECTION : 16128, Current connections count : 2
16 февр. 2022 13:03:47,569 system - system - system  INFO SQLConnectionLogger - CLOSE CONNECTION TO CACHE (size : 2) CONNECTION : 16128, Current connections count : 2
16 февр. 2022 13:03:47,572 system - system - system  INFO SQLConnectionLogger - NEW CONNECTION FROM CACHE (size : 1) CONNECTION : 16128, Current connections count : 2
16 февр. 2022 13:03:47,573 system - system - system  INFO SQLConnectionLogger - CLOSE CONNECTION TO CACHE (size : 2) CONNECTION : 16128, Current connections count : 2
16 февр. 2022 13:03:47,580 system - system - system  INFO SQLConnectionLogger - NEW CONNECTION FROM CACHE (size : 1) CONNECTION : 16128, Current connections count : 2
16 февр. 2022 13:03:47,587 system - system - system  INFO SQLConnectionLogger - CLOSE CONNECTION TO CACHE (size : 2) CONNECTION : 16128, Current connections count : 2
16 февр. 2022 13:03:47,588 system - system - system  INFO SQLConnectionLogger - NEW CONNECTION FROM CACHE (size : 1) CONNECTION : 16128, Current connections count : 2
16 февр. 2022 13:03:47,588 system - system - system  INFO SQLConnectionLogger - CLOSE CONNECTION TO CACHE (size : 2) CONNECTION : 16128, Current connections count : 2
16 февр. 2022 13:03:47,590 system - system - system  INFO SQLConnectionLogger - NEW CONNECTION FROM CACHE (size : 1) CONNECTION : 16128, Current connections count : 2
16 февр. 2022 13:03:47,599 system - system - system  INFO SQLConnectionLogger - CLOSE CONNECTION TO CACHE (size : 2) CONNECTION : 16128, Current connections count : 2
16 февр. 2022 13:03:47,604 system - system - system  INFO SQLConnectionLogger - NEW CONNECTION FROM CACHE (size : 1) CONNECTION : 16128, Current connections count : 2
16 февр. 2022 13:03:47,609 system - system - system  INFO SQLConnectionLogger - CLOSE CONNECTION TO CACHE (size : 2) CONNECTION : 16128, Current connections count : 2
16 февр. 2022 13:03:47,613 system - system - system  INFO SQLConnectionLogger - NEW CONNECTION FROM CACHE (size : 1) CONNECTION : 16128, Current connections count : 2
16 февр. 2022 13:03:47,614 system - system - system  INFO SQLConnectionLogger - CLOSE CONNECTION TO CACHE (size : 2) CONNECTION : 16128, Current connections count : 2
16 февр. 2022 13:03:47,617 system - system - system  INFO SQLConnectionLogger - NEW CONNECTION FROM CACHE (size : 1) CONNECTION : 16128, Current connections count : 2
16 февр. 2022 13:03:47,618 system - system - system  INFO SQLConnectionLogger - CLOSE CONNECTION TO CACHE (size : 2) CONNECTION : 16128, Current connections count : 2
16 февр. 2022 13:03:47,625 system - system - system  INFO SQLConnectionLogger - NEW CONNECTION FROM CACHE (size : 1) CONNECTION : 16128, Current connections count : 2
16 февр. 2022 13:03:47,626 system - system - system  INFO SQLConnectionLogger - CLOSE CONNECTION TO CACHE (size : 2) CONNECTION : 16128, Current connections count : 2
16 февр. 2022 13:03:47,626 system - system - system  INFO SQLConnectionLogger - NEW CONNECTION FROM CACHE (size : 1) CONNECTION : 16128, Current connections count : 2
16 февр. 2022 13:03:47,631 system - system - system  INFO SQLConnectionLogger - CLOSE CONNECTION TO CACHE (size : 2) CONNECTION : 16128, Current connections count : 2
16 февр. 2022 13:03:47,637 system - system - system  INFO SQLConnectionLogger - NEW CONNECTION FROM CACHE (size : 1) CONNECTION : 16128, Current connections count : 2
16 февр. 2022 13:03:47,638 system - system - system  INFO SQLConnectionLogger - CLOSE CONNECTION TO CACHE (size : 2) CONNECTION : 16128, Current connections count : 2
16 февр. 2022 13:03:47,638 system - system - system  INFO SQLConnectionLogger - NEW CONNECTION FROM CACHE (size : 1) CONNECTION : 16128, Current connections count : 2
16 февр. 2022 13:03:47,644 system - system - system  INFO SQLConnectionLogger - CLOSE CONNECTION TO CACHE (size : 2) CONNECTION : 16128, Current connections count : 2
16 февр. 2022 13:03:47,646 system - system - system  INFO SQLConnectionLogger - NEW CONNECTION FROM CACHE (size : 1) CONNECTION : 16128, Current connections count : 2
16 февр. 2022 13:03:47,654 system - system - system  INFO SQLConnectionLogger - CLOSE CONNECTION TO CACHE (size : 2) CONNECTION : 16128, Current connections count : 2
16 февр. 2022 13:03:47,655 system - system - system  INFO SQLConnectionLogger - NEW CONNECTION FROM CACHE (size : 1) CONNECTION : 16128, Current connections count : 2
16 февр. 2022 13:03:47,660 system - system - system  INFO SQLConnectionLogger - CLOSE CONNECTION TO CACHE (size : 2) CONNECTION : 16128, Current connections count : 2
16 февр. 2022 13:03:47,667 system - system - system  INFO SQLConnectionLogger - NEW CONNECTION FROM CACHE (size : 1) CONNECTION : 16128, Current connections count : 2
16 февр. 2022 13:03:47,667 system - system - system  INFO SQLConnectionLogger - CLOSE CONNECTION TO CACHE (size : 2) CONNECTION : 16128, Current connections count : 2
16 февр. 2022 13:03:47,668 system - system - system  INFO SQLConnectionLogger - NEW CONNECTION FROM CACHE (size : 1) CONNECTION : 16128, Current connections count : 2
16 февр. 2022 13:03:47,675 system - system - system  INFO SQLConnectionLogger - CLOSE CONNECTION TO CACHE (size : 2) CONNECTION : 16128, Current connections count : 2
16 февр. 2022 13:03:47,681 system - system - system  INFO SQLConnectionLogger - NEW CONNECTION FROM CACHE (size : 1) CONNECTION : 16128, Current connections count : 2
16 февр. 2022 13:03:47,682 system - system - system  INFO SQLConnectionLogger - CLOSE CONNECTION TO CACHE (size : 2) CONNECTION : 16128, Current connections count : 2
16 февр. 2022 13:03:47,682 system - system - system  INFO SQLConnectionLogger - NEW CONNECTION FROM CACHE (size : 1) CONNECTION : 16128, Current connections count : 2
16 февр. 2022 13:03:47,688 system - system - system  INFO SQLConnectionLogger - CLOSE CONNECTION TO CACHE (size : 2) CONNECTION : 16128, Current connections count : 2
16 февр. 2022 13:03:47,690 system - system - system  INFO SQLConnectionLogger - NEW CONNECTION FROM CACHE (size : 1) CONNECTION : 16128, Current connections count : 2
16 февр. 2022 13:03:47,694 system - system - system  INFO SQLConnectionLogger - CLOSE CONNECTION TO CACHE (size : 2) CONNECTION : 16128, Current connections count : 2
16 февр. 2022 13:03:47,696 system - system - system  INFO SQLConnectionLogger - NEW CONNECTION FROM CACHE (size : 1) CONNECTION : 16128, Current connections count : 2
16 февр. 2022 13:03:47,702 system - system - system  INFO SQLConnectionLogger - CLOSE CONNECTION TO CACHE (size : 2) CONNECTION : 16128, Current connections count : 2
16 февр. 2022 13:03:47,709 system - system - system  INFO SQLConnectionLogger - NEW CONNECTION FROM CACHE (size : 1) CONNECTION : 16128, Current connections count : 2
16 февр. 2022 13:03:47,710 system - system - system  INFO SQLConnectionLogger - CLOSE CONNECTION TO CACHE (size : 2) CONNECTION : 16128, Current connections count : 2
16 февр. 2022 13:03:47,710 system - system - system  INFO SQLConnectionLogger - NEW CONNECTION FROM CACHE (size : 1) CONNECTION : 16128, Current connections count : 2
16 февр. 2022 13:03:47,716 system - system - system  INFO SQLConnectionLogger - CLOSE CONNECTION TO CACHE (size : 2) CONNECTION : 16128, Current connections count : 2
16 февр. 2022 13:03:47,722 system - system - system  INFO SQLConnectionLogger - NEW CONNECTION FROM CACHE (size : 1) CONNECTION : 16128, Current connections count : 2
16 февр. 2022 13:03:47,723 system - system - system  INFO SQLConnectionLogger - CLOSE CONNECTION TO CACHE (size : 2) CONNECTION : 16128, Current connections count : 2
16 февр. 2022 13:03:47,723 system - system - system  INFO SQLConnectionLogger - NEW CONNECTION FROM CACHE (size : 1) CONNECTION : 16128, Current connections count : 2
16 февр. 2022 13:03:47,729 system - system - system  INFO SQLConnectionLogger - CLOSE CONNECTION TO CACHE (size : 2) CONNECTION : 16128, Current connections count : 2
16 февр. 2022 13:03:47,731 system - system - system  INFO SQLConnectionLogger - NEW CONNECTION FROM CACHE (size : 1) CONNECTION : 16128, Current connections count : 2
16 февр. 2022 13:03:47,737 system - system - system  INFO SQLConnectionLogger - CLOSE CONNECTION TO CACHE (size : 2) CONNECTION : 16128, Current connections count : 2
16 февр. 2022 13:03:47,739 system - system - system  INFO SQLConnectionLogger - NEW CONNECTION FROM CACHE (size : 1) CONNECTION : 16128, Current connections count : 2
16 февр. 2022 13:03:47,744 system - system - system  INFO SQLConnectionLogger - CLOSE CONNECTION TO CACHE (size : 2) CONNECTION : 16128, Current connections count : 2
16 февр. 2022 13:03:47,751 system - system - system  INFO SQLConnectionLogger - NEW CONNECTION FROM CACHE (size : 1) CONNECTION : 16128, Current connections count : 2
16 февр. 2022 13:03:47,751 system - system - system  INFO SQLConnectionLogger - CLOSE CONNECTION TO CACHE (size : 2) CONNECTION : 16128, Current connections count : 2
16 февр. 2022 13:03:47,751 system - system - system  INFO SQLConnectionLogger - NEW CONNECTION FROM CACHE (size : 1) CONNECTION : 16128, Current connections count : 2
16 февр. 2022 13:03:47,757 system - system - system  INFO SQLConnectionLogger - CLOSE CONNECTION TO CACHE (size : 2) CONNECTION : 16128, Current connections count : 2
16 февр. 2022 13:03:47,763 system - system - system  INFO SQLConnectionLogger - NEW CONNECTION FROM CACHE (size : 1) CONNECTION : 16128, Current connections count : 2
16 февр. 2022 13:03:47,763 system - system - system  INFO SQLConnectionLogger - CLOSE CONNECTION TO CACHE (size : 2) CONNECTION : 16128, Current connections count : 2
16 февр. 2022 13:03:47,764 system - system - system  INFO SQLConnectionLogger - NEW CONNECTION FROM CACHE (size : 1) CONNECTION : 16128, Current connections count : 2
16 февр. 2022 13:03:47,769 system - system - system  INFO SQLConnectionLogger - CLOSE CONNECTION TO CACHE (size : 2) CONNECTION : 16128, Current connections count : 2
16 февр. 2022 13:03:47,771 system - system - system  INFO SQLConnectionLogger - NEW CONNECTION FROM CACHE (size : 1) CONNECTION : 16128, Current connections count : 2
16 февр. 2022 13:03:47,777 system - system - system  INFO SQLConnectionLogger - CLOSE CONNECTION TO CACHE (size : 2) CONNECTION : 16128, Current connections count : 2
16 февр. 2022 13:03:47,778 system - system - system  INFO SQLConnectionLogger - NEW CONNECTION FROM CACHE (size : 1) CONNECTION : 16128, Current connections count : 2
16 февр. 2022 13:03:47,783 system - system - system  INFO SQLConnectionLogger - CLOSE CONNECTION TO CACHE (size : 2) CONNECTION : 16128, Current connections count : 2
16 февр. 2022 13:03:47,788 system - system - system  INFO SQLConnectionLogger - NEW CONNECTION FROM CACHE (size : 1) CONNECTION : 16128, Current connections count : 2
16 февр. 2022 13:03:47,788 system - system - system  INFO SQLConnectionLogger - CLOSE CONNECTION TO CACHE (size : 2) CONNECTION : 16128, Current connections count : 2
16 февр. 2022 13:03:47,788 system - system - system  INFO SQLConnectionLogger - NEW CONNECTION FROM CACHE (size : 1) CONNECTION : 16128, Current connections count : 2
16 февр. 2022 13:03:47,795 system - system - system  INFO SQLConnectionLogger - CLOSE CONNECTION TO CACHE (size : 2) CONNECTION : 16128, Current connections count : 2
16 февр. 2022 13:03:47,802 system - system - system  INFO SQLConnectionLogger - NEW CONNECTION FROM CACHE (size : 1) CONNECTION : 16128, Current connections count : 2
16 февр. 2022 13:03:47,803 system - system - system  INFO SQLConnectionLogger - CLOSE CONNECTION TO CACHE (size : 2) CONNECTION : 16128, Current connections count : 2
16 февр. 2022 13:03:47,803 system - system - system  INFO SQLConnectionLogger - NEW CONNECTION FROM CACHE (size : 1) CONNECTION : 16128, Current connections count : 2
16 февр. 2022 13:03:47,810 system - system - system  INFO SQLConnectionLogger - CLOSE CONNECTION TO CACHE (size : 2) CONNECTION : 16128, Current connections count : 2
16 февр. 2022 13:03:47,814 system - system - system  INFO SQLConnectionLogger - NEW CONNECTION FROM CACHE (size : 1) CONNECTION : 16128, Current connections count : 2
16 февр. 2022 13:03:47,815 system - system - system  INFO SQLConnectionLogger - CLOSE CONNECTION TO CACHE (size : 2) CONNECTION : 16128, Current connections count : 2
16 февр. 2022 13:03:47,818 system - system - system  INFO SQLConnectionLogger - NEW CONNECTION FROM CACHE (size : 1) CONNECTION : 16128, Current connections count : 2
16 февр. 2022 13:03:47,818 system - system - system  INFO SQLConnectionLogger - CLOSE CONNECTION TO CACHE (size : 2) CONNECTION : 16128, Current connections count : 2
16 февр. 2022 13:03:47,821 system - system - system  INFO SQLConnectionLogger - NEW CONNECTION FROM CACHE (size : 1) CONNECTION : 16128, Current connections count : 2
16 февр. 2022 13:03:47,822 system - system - system  INFO SQLConnectionLogger - CLOSE CONNECTION TO CACHE (size : 2) CONNECTION : 16128, Current connections count : 2
16 февр. 2022 13:03:47,826 system - system - system  INFO SQLConnectionLogger - NEW CONNECTION FROM CACHE (size : 1) CONNECTION : 16128, Current connections count : 2
16 февр. 2022 13:03:47,827 system - system - system  INFO SQLConnectionLogger - CLOSE CONNECTION TO CACHE (size : 2) CONNECTION : 16128, Current connections count : 2
16 февр. 2022 13:03:47,842 system - system - system  INFO SQLConnectionLogger - NEW CONNECTION FROM CACHE (size : 1) CONNECTION : 16128, Current connections count : 2
16 февр. 2022 13:03:47,843 system - system - system  INFO SQLConnectionLogger - CLOSE CONNECTION TO CACHE (size : 2) CONNECTION : 16128, Current connections count : 2
16 февр. 2022 13:03:47,844 system - system - system  INFO SQLConnectionLogger - NEW CONNECTION FROM CACHE (size : 1) CONNECTION : 16128, Current connections count : 2
16 февр. 2022 13:03:47,862 system - system - system  INFO SQLConnectionLogger - CLOSE CONNECTION TO CACHE (size : 2) CONNECTION : 16128, Current connections count : 2
16 февр. 2022 13:03:47,866 system - system - system  INFO SQLConnectionLogger - NEW CONNECTION FROM CACHE (size : 1) CONNECTION : 16128, Current connections count : 2
16 февр. 2022 13:03:47,866 system - system - system  INFO SQLConnectionLogger - CLOSE CONNECTION TO CACHE (size : 2) CONNECTION : 16128, Current connections count : 2
16 февр. 2022 13:03:47,866 system - system - system  INFO SQLConnectionLogger - NEW CONNECTION FROM CACHE (size : 1) CONNECTION : 16128, Current connections count : 2
16 февр. 2022 13:03:48,036 system - system - system  INFO SQLConnectionLogger - NEW CONNECTION FROM CACHE (size : 0) CONNECTION : 6360, Current connections count : 2
16 февр. 2022 13:03:48,038 system - system - system  INFO SQLConnectionLogger - CLOSE CONNECTION TO CACHE (size : 1) CONNECTION : 6360, Current connections count : 2
16 февр. 2022 13:03:48,383 system - system - system  INFO SQLConnectionLogger - NEW CONNECTION FROM CACHE (size : 0) CONNECTION : 6360, Current connections count : 2
16 февр. 2022 13:03:48,389 system - system - system  INFO SQLConnectionLogger - CLOSE CONNECTION TO CACHE (size : 1) CONNECTION : 6360, Current connections count : 2
16 февр. 2022 13:03:48,397 system - system - system  INFO SQLConnectionLogger - NEW CONNECTION FROM CACHE (size : 0) CONNECTION : 6360, Current connections count : 2
16 февр. 2022 13:03:48,429 system - system - system  INFO SQLConnectionLogger - CLOSE CONNECTION TO CACHE (size : 1) CONNECTION : 6360, Current connections count : 2
16 февр. 2022 13:03:48,494 system - system - system  INFO SQLConnectionLogger - NEW CONNECTION : 16668, Time : 96, Current connections count : 3
16 февр. 2022 13:03:48,513 system - system - system  INFO SQLConnectionLogger - CLOSE CONNECTION TO CACHE (size : 2) CONNECTION : 16128, Current connections count : 3
16 февр. 2022 13:03:48,520 system - system - system  INFO SQLConnectionLogger - CLOSE CONNECTION TO CACHE (size : 3) CONNECTION : 16668, Current connections count : 3
16 февр. 2022 13:03:48,520 system - system - system  INFO SQLConnectionLogger - NEW CONNECTION FROM CACHE (size : 2) CONNECTION : 16668, Current connections count : 3
16 февр. 2022 13:03:48,544 system - system - system  INFO SQLConnectionLogger - CLOSE CONNECTION TO CACHE (size : 3) CONNECTION : 16668, Current connections count : 3
16 февр. 2022 13:03:48,548 system - system - system  INFO SQLConnectionLogger - NEW CONNECTION FROM CACHE (size : 2) CONNECTION : 16668, Current connections count : 3
16 февр. 2022 13:03:48,549 system - system - system  INFO SQLConnectionLogger - CLOSE CONNECTION TO CACHE (size : 3) CONNECTION : 16668, Current connections count : 3
16 февр. 2022 13:03:48,554 system - system - system  INFO SQLConnectionLogger - NEW CONNECTION FROM CACHE (size : 2) CONNECTION : 16668, Current connections count : 3
16 февр. 2022 13:03:48,629 system - system - system  INFO SQLConnectionLogger - NEW CONNECTION FROM CACHE (size : 1) CONNECTION : 16128, Current connections count : 3
16 февр. 2022 13:03:48,633 system - system - system  INFO SQLConnectionLogger - CLOSE CONNECTION TO CACHE (size : 2) CONNECTION : 16128, Current connections count : 3
16 февр. 2022 13:03:48,764 system - system - system  INFO SQLConnectionLogger - NEW CONNECTION FROM CACHE (size : 1) CONNECTION : 16128, Current connections count : 3
16 февр. 2022 13:03:48,766 system - system - system  INFO SQLConnectionLogger - CLOSE CONNECTION TO CACHE (size : 2) CONNECTION : 16128, Current connections count : 3
16 февр. 2022 13:03:49,468 system - system - system  INFO SQLConnectionLogger - NEW CONNECTION FROM CACHE (size : 1) CONNECTION : 16128, Current connections count : 3
16 февр. 2022 13:03:49,471 system - system - system  INFO SQLConnectionLogger - CLOSE CONNECTION TO CACHE (size : 2) CONNECTION : 16128, Current connections count : 3
16 февр. 2022 13:03:50,405 system - system - system  INFO SQLConnectionLogger - CLOSE CONNECTION TO CACHE (size : 3) CONNECTION : 16668, Current connections count : 3
16 февр. 2022 13:03:50,409 system - system - system  INFO SQLConnectionLogger - NEW CONNECTION FROM CACHE (size : 2) CONNECTION : 16668, Current connections count : 3
16 февр. 2022 13:03:50,430 system - system - system  INFO SQLConnectionLogger - CLOSE CONNECTION TO CACHE (size : 3) CONNECTION : 16668, Current connections count : 3
16 февр. 2022 13:04:07,024 system - system - system  INFO SQLConnectionLogger - NEW CONNECTION FROM CACHE (size : 2) CONNECTION : 16668, Current connections count : 3
16 февр. 2022 13:04:07,029 system - system - system  INFO SQLConnectionLogger - CLOSE CONNECTION TO CACHE (size : 3) CONNECTION : 16668, Current connections count : 3
16 февр. 2022 13:04:07,034 system - system - system  INFO SQLConnectionLogger - NEW CONNECTION FROM CACHE (size : 2) CONNECTION : 16668, Current connections count : 3
16 февр. 2022 13:04:07,061 system - system - system  INFO SQLConnectionLogger - CLOSE CONNECTION TO CACHE (size : 3) CONNECTION : 16668, Current connections count : 3
16 февр. 2022 13:04:07,062 system - system - system  INFO SQLConnectionLogger - NEW CONNECTION FROM CACHE (size : 2) CONNECTION : 16668, Current connections count : 3
16 февр. 2022 13:04:07,064 system - system - system  INFO SQLConnectionLogger - CLOSE CONNECTION TO CACHE (size : 3) CONNECTION : 16668, Current connections count : 3
16 февр. 2022 13:04:07,064 system - system - system  INFO SQLConnectionLogger - NEW CONNECTION FROM CACHE (size : 2) CONNECTION : 16668, Current connections count : 3
16 февр. 2022 13:04:07,065 system - system - system  INFO SQLConnectionLogger - CLOSE CONNECTION TO CACHE (size : 3) CONNECTION : 16668, Current connections count : 3
16 февр. 2022 13:04:07,068 system - system - system  INFO SQLConnectionLogger - NEW CONNECTION FROM CACHE (size : 2) CONNECTION : 16668, Current connections count : 3
16 февр. 2022 13:04:07,074 system - system - system  INFO SQLConnectionLogger - CLOSE CONNECTION TO CACHE (size : 3) CONNECTION : 16668, Current connections count : 3
16 февр. 2022 13:04:07,076 system - system - system  INFO SQLConnectionLogger - NEW CONNECTION FROM CACHE (size : 2) CONNECTION : 16668, Current connections count : 3
16 февр. 2022 13:04:07,076 system - system - system  INFO SQLConnectionLogger - CLOSE CONNECTION TO CACHE (size : 3) CONNECTION : 16668, Current connections count : 3
16 февр. 2022 13:04:07,082 system - system - system  INFO SQLConnectionLogger - NEW CONNECTION FROM CACHE (size : 2) CONNECTION : 16668, Current connections count : 3
16 февр. 2022 13:04:07,083 system - system - system  INFO SQLConnectionLogger - CLOSE CONNECTION TO CACHE (size : 3) CONNECTION : 16668, Current connections count : 3
16 февр. 2022 13:04:07,086 system - system - system  INFO SQLConnectionLogger - NEW CONNECTION FROM CACHE (size : 2) CONNECTION : 16668, Current connections count : 3
16 февр. 2022 13:04:07,086 system - system - system  INFO SQLConnectionLogger - CLOSE CONNECTION TO CACHE (size : 3) CONNECTION : 16668, Current connections count : 3
16 февр. 2022 13:04:07,087 system - system - system  INFO SQLConnectionLogger - NEW CONNECTION FROM CACHE (size : 2) CONNECTION : 16668, Current connections count : 3
16 февр. 2022 13:04:07,088 system - system - system  INFO SQLConnectionLogger - CLOSE CONNECTION TO CACHE (size : 3) CONNECTION : 16668, Current connections count : 3
16 февр. 2022 13:04:07,112 system - 127.0.0.1 - 127.0.0.1  INFO SQLConnectionLogger - NEW CONNECTION FROM CACHE (size : 2) CONNECTION : 16668, Current connections count : 3
16 февр. 2022 13:04:07,464 system - system - system  INFO SQLConnectionLogger - CLOSE CONNECTION TO CACHE (size : 3) CONNECTION : 16668, Current connections count : 3
16 февр. 2022 13:04:07,496 system - system - system  INFO SQLConnectionLogger - NEW CONNECTION FROM CACHE (size : 2) CONNECTION : 16668, Current connections count : 3
16 февр. 2022 13:04:07,497 system - system - system  INFO SQLConnectionLogger - CLOSE CONNECTION TO CACHE (size : 3) CONNECTION : 16668, Current connections count : 3
16 февр. 2022 13:04:07,497 system - system - system  INFO SQLConnectionLogger - NEW CONNECTION FROM CACHE (size : 2) CONNECTION : 16668, Current connections count : 3
16 февр. 2022 13:04:07,498 system - system - system  INFO SQLConnectionLogger - CLOSE CONNECTION TO CACHE (size : 3) CONNECTION : 16668, Current connections count : 3
16 февр. 2022 13:04:07,498 system - system - system  INFO SQLConnectionLogger - NEW CONNECTION FROM CACHE (size : 2) CONNECTION : 16668, Current connections count : 3
16 февр. 2022 13:04:07,498 system - system - system  INFO SQLConnectionLogger - CLOSE CONNECTION TO CACHE (size : 3) CONNECTION : 16668, Current connections count : 3
16 февр. 2022 13:04:07,499 system - system - system  INFO SQLConnectionLogger - NEW CONNECTION FROM CACHE (size : 2) CONNECTION : 16668, Current connections count : 3
16 февр. 2022 13:04:07,499 system - system - system  INFO SQLConnectionLogger - CLOSE CONNECTION TO CACHE (size : 3) CONNECTION : 16668, Current connections count : 3
16 февр. 2022 13:04:07,499 system - system - system  INFO SQLConnectionLogger - NEW CONNECTION FROM CACHE (size : 2) CONNECTION : 16668, Current connections count : 3
16 февр. 2022 13:04:07,500 system - system - system  INFO SQLConnectionLogger - CLOSE CONNECTION TO CACHE (size : 3) CONNECTION : 16668, Current connections count : 3
16 февр. 2022 13:04:07,501 system - system - system  INFO SQLConnectionLogger - NEW CONNECTION FROM CACHE (size : 2) CONNECTION : 16668, Current connections count : 3
16 февр. 2022 13:04:07,501 system - system - system  INFO SQLConnectionLogger - CLOSE CONNECTION TO CACHE (size : 3) CONNECTION : 16668, Current connections count : 3
16 февр. 2022 13:04:07,502 system - system - system  INFO SQLConnectionLogger - NEW CONNECTION FROM CACHE (size : 2) CONNECTION : 16668, Current connections count : 3
16 февр. 2022 13:04:07,502 system - system - system  INFO SQLConnectionLogger - CLOSE CONNECTION TO CACHE (size : 3) CONNECTION : 16668, Current connections count : 3
16 февр. 2022 13:04:07,503 system - system - system  INFO SQLConnectionLogger - NEW CONNECTION FROM CACHE (size : 2) CONNECTION : 16668, Current connections count : 3
16 февр. 2022 13:04:07,503 system - system - system  INFO SQLConnectionLogger - CLOSE CONNECTION TO CACHE (size : 3) CONNECTION : 16668, Current connections count : 3
16 февр. 2022 13:04:07,526 system - 127.0.0.1 - 127.0.0.1  INFO SQLConnectionLogger - NEW CONNECTION FROM CACHE (size : 2) CONNECTION : 16668, Current connections count : 3
16 февр. 2022 13:04:07,652 system - system - system  INFO SQLConnectionLogger - CLOSE CONNECTION TO CACHE (size : 3) CONNECTION : 16668, Current connections count : 3
16 февр. 2022 13:04:12,041 system - system - system  INFO SQLConnectionLogger - NEW CONNECTION FROM CACHE (size : 2) CONNECTION : 16668, Current connections count : 3
16 февр. 2022 13:04:12,042 system - system - system  INFO SQLConnectionLogger - CLOSE CONNECTION TO CACHE (size : 3) CONNECTION : 16668, Current connections count : 3
16 февр. 2022 13:04:12,043 system - system - system  INFO SQLConnectionLogger - NEW CONNECTION FROM CACHE (size : 2) CONNECTION : 16668, Current connections count : 3
16 февр. 2022 13:04:12,043 system - system - system  INFO SQLConnectionLogger - CLOSE CONNECTION TO CACHE (size : 3) CONNECTION : 16668, Current connections count : 3
16 февр. 2022 13:04:12,044 system - system - system  INFO SQLConnectionLogger - NEW CONNECTION FROM CACHE (size : 2) CONNECTION : 16668, Current connections count : 3
16 февр. 2022 13:04:12,044 system - system - system  INFO SQLConnectionLogger - CLOSE CONNECTION TO CACHE (size : 3) CONNECTION : 16668, Current connections count : 3
16 февр. 2022 13:04:12,045 system - system - system  INFO SQLConnectionLogger - NEW CONNECTION FROM CACHE (size : 2) CONNECTION : 16668, Current connections count : 3
16 февр. 2022 13:04:12,046 system - system - system  INFO SQLConnectionLogger - CLOSE CONNECTION TO CACHE (size : 3) CONNECTION : 16668, Current connections count : 3
16 февр. 2022 13:04:12,046 system - system - system  INFO SQLConnectionLogger - NEW CONNECTION FROM CACHE (size : 2) CONNECTION : 16668, Current connections count : 3
16 февр. 2022 13:04:12,046 system - system - system  INFO SQLConnectionLogger - CLOSE CONNECTION TO CACHE (size : 3) CONNECTION : 16668, Current connections count : 3
16 февр. 2022 13:04:12,047 system - system - system  INFO SQLConnectionLogger - NEW CONNECTION FROM CACHE (size : 2) CONNECTION : 16668, Current connections count : 3
16 февр. 2022 13:04:12,047 system - system - system  INFO SQLConnectionLogger - CLOSE CONNECTION TO CACHE (size : 3) CONNECTION : 16668, Current connections count : 3
16 февр. 2022 13:04:12,048 system - system - system  INFO SQLConnectionLogger - NEW CONNECTION FROM CACHE (size : 2) CONNECTION : 16668, Current connections count : 3
16 февр. 2022 13:04:12,048 system - system - system  INFO SQLConnectionLogger - CLOSE CONNECTION TO CACHE (size : 3) CONNECTION : 16668, Current connections count : 3
16 февр. 2022 13:04:12,048 system - system - system  INFO SQLConnectionLogger - NEW CONNECTION FROM CACHE (size : 2) CONNECTION : 16668, Current connections count : 3
16 февр. 2022 13:04:12,049 system - system - system  INFO SQLConnectionLogger - CLOSE CONNECTION TO CACHE (size : 3) CONNECTION : 16668, Current connections count : 3
16 февр. 2022 13:04:12,073 system - 127.0.0.1 - 127.0.0.1  INFO SQLConnectionLogger - NEW CONNECTION FROM CACHE (size : 2) CONNECTION : 16668, Current connections count : 3
16 февр. 2022 13:04:12,193 system - system - system  INFO SQLConnectionLogger - CLOSE CONNECTION TO CACHE (size : 3) CONNECTION : 16668, Current connections count : 3
16 февр. 2022 13:04:12,211 system - system - system  INFO SQLConnectionLogger - NEW CONNECTION FROM CACHE (size : 2) CONNECTION : 16668, Current connections count : 3
16 февр. 2022 13:04:12,212 system - system - system  INFO SQLConnectionLogger - CLOSE CONNECTION TO CACHE (size : 3) CONNECTION : 16668, Current connections count : 3
16 февр. 2022 13:04:12,212 system - system - system  INFO SQLConnectionLogger - NEW CONNECTION FROM CACHE (size : 2) CONNECTION : 16668, Current connections count : 3
16 февр. 2022 13:04:12,212 system - system - system  INFO SQLConnectionLogger - CLOSE CONNECTION TO CACHE (size : 3) CONNECTION : 16668, Current connections count : 3
16 февр. 2022 13:04:12,213 system - system - system  INFO SQLConnectionLogger - NEW CONNECTION FROM CACHE (size : 2) CONNECTION : 16668, Current connections count : 3
16 февр. 2022 13:04:12,213 system - system - system  INFO SQLConnectionLogger - CLOSE CONNECTION TO CACHE (size : 3) CONNECTION : 16668, Current connections count : 3
16 февр. 2022 13:04:12,213 system - system - system  INFO SQLConnectionLogger - NEW CONNECTION FROM CACHE (size : 2) CONNECTION : 16668, Current connections count : 3
16 февр. 2022 13:04:12,214 system - system - system  INFO SQLConnectionLogger - CLOSE CONNECTION TO CACHE (size : 3) CONNECTION : 16668, Current connections count : 3
16 февр. 2022 13:04:12,214 system - system - system  INFO SQLConnectionLogger - NEW CONNECTION FROM CACHE (size : 2) CONNECTION : 16668, Current connections count : 3
16 февр. 2022 13:04:12,215 system - system - system  INFO SQLConnectionLogger - CLOSE CONNECTION TO CACHE (size : 3) CONNECTION : 16668, Current connections count : 3
16 февр. 2022 13:04:12,215 system - system - system  INFO SQLConnectionLogger - NEW CONNECTION FROM CACHE (size : 2) CONNECTION : 16668, Current connections count : 3
16 февр. 2022 13:04:12,216 system - system - system  INFO SQLConnectionLogger - CLOSE CONNECTION TO CACHE (size : 3) CONNECTION : 16668, Current connections count : 3
16 февр. 2022 13:04:12,216 system - system - system  INFO SQLConnectionLogger - NEW CONNECTION FROM CACHE (size : 2) CONNECTION : 16668, Current connections count : 3
16 февр. 2022 13:04:12,217 system - system - system  INFO SQLConnectionLogger - CLOSE CONNECTION TO CACHE (size : 3) CONNECTION : 16668, Current connections count : 3
16 февр. 2022 13:04:12,217 system - system - system  INFO SQLConnectionLogger - NEW CONNECTION FROM CACHE (size : 2) CONNECTION : 16668, Current connections count : 3
16 февр. 2022 13:04:12,217 system - system - system  INFO SQLConnectionLogger - CLOSE CONNECTION TO CACHE (size : 3) CONNECTION : 16668, Current connections count : 3
16 февр. 2022 13:04:12,257 system - 127.0.0.1 - 127.0.0.1  INFO SQLConnectionLogger - NEW CONNECTION FROM CACHE (size : 2) CONNECTION : 16668, Current connections count : 3
16 февр. 2022 13:04:12,369 system - system - system  INFO SQLConnectionLogger - CLOSE CONNECTION TO CACHE (size : 3) CONNECTION : 16668, Current connections count : 3
16 февр. 2022 13:04:12,395 system - system - system  INFO SQLConnectionLogger - NEW CONNECTION FROM CACHE (size : 2) CONNECTION : 16668, Current connections count : 3
16 февр. 2022 13:04:12,396 system - system - system  INFO SQLConnectionLogger - CLOSE CONNECTION TO CACHE (size : 3) CONNECTION : 16668, Current connections count : 3
16 февр. 2022 13:04:12,396 system - system - system  INFO SQLConnectionLogger - NEW CONNECTION FROM CACHE (size : 2) CONNECTION : 16668, Current connections count : 3
16 февр. 2022 13:04:12,397 system - system - system  INFO SQLConnectionLogger - CLOSE CONNECTION TO CACHE (size : 3) CONNECTION : 16668, Current connections count : 3
16 февр. 2022 13:04:12,397 system - system - system  INFO SQLConnectionLogger - NEW CONNECTION FROM CACHE (size : 2) CONNECTION : 16668, Current connections count : 3
16 февр. 2022 13:04:12,397 system - system - system  INFO SQLConnectionLogger - CLOSE CONNECTION TO CACHE (size : 3) CONNECTION : 16668, Current connections count : 3
16 февр. 2022 13:04:12,397 system - system - system  INFO SQLConnectionLogger - NEW CONNECTION FROM CACHE (size : 2) CONNECTION : 16668, Current connections count : 3
16 февр. 2022 13:04:12,398 system - system - system  INFO SQLConnectionLogger - CLOSE CONNECTION TO CACHE (size : 3) CONNECTION : 16668, Current connections count : 3
16 февр. 2022 13:04:12,398 system - system - system  INFO SQLConnectionLogger - NEW CONNECTION FROM CACHE (size : 2) CONNECTION : 16668, Current connections count : 3
16 февр. 2022 13:04:12,399 system - system - system  INFO SQLConnectionLogger - CLOSE CONNECTION TO CACHE (size : 3) CONNECTION : 16668, Current connections count : 3
16 февр. 2022 13:04:12,399 system - system - system  INFO SQLConnectionLogger - NEW CONNECTION FROM CACHE (size : 2) CONNECTION : 16668, Current connections count : 3
16 февр. 2022 13:04:12,400 system - system - system  INFO SQLConnectionLogger - CLOSE CONNECTION TO CACHE (size : 3) CONNECTION : 16668, Current connections count : 3
16 февр. 2022 13:04:12,400 system - system - system  INFO SQLConnectionLogger - NEW CONNECTION FROM CACHE (size : 2) CONNECTION : 16668, Current connections count : 3
16 февр. 2022 13:04:12,400 system - system - system  INFO SQLConnectionLogger - CLOSE CONNECTION TO CACHE (size : 3) CONNECTION : 16668, Current connections count : 3
16 февр. 2022 13:04:12,401 system - system - system  INFO SQLConnectionLogger - NEW CONNECTION FROM CACHE (size : 2) CONNECTION : 16668, Current connections count : 3
16 февр. 2022 13:04:12,401 system - system - system  INFO SQLConnectionLogger - CLOSE CONNECTION TO CACHE (size : 3) CONNECTION : 16668, Current connections count : 3
16 февр. 2022 13:04:12,421 system - 127.0.0.1 - 127.0.0.1  INFO SQLConnectionLogger - NEW CONNECTION FROM CACHE (size : 2) CONNECTION : 16668, Current connections count : 3
16 февр. 2022 13:04:12,535 system - system - system  INFO SQLConnectionLogger - CLOSE CONNECTION TO CACHE (size : 3) CONNECTION : 16668, Current connections count : 3
16 февр. 2022 13:04:18,383 system - system - system  INFO SQLConnectionLogger - NEW CONNECTION FROM CACHE (size : 2) CONNECTION : 16668, Current connections count : 3
16 февр. 2022 13:04:18,384 system - system - system  INFO SQLConnectionLogger - CLOSE CONNECTION TO CACHE (size : 3) CONNECTION : 16668, Current connections count : 3
16 февр. 2022 13:04:48,395 system - system - system  INFO SQLConnectionLogger - NEW CONNECTION FROM CACHE (size : 2) CONNECTION : 16668, Current connections count : 3
16 февр. 2022 13:04:48,396 system - system - system  INFO SQLConnectionLogger - CLOSE CONNECTION TO CACHE (size : 3) CONNECTION : 16668, Current connections count : 3
16 февр. 2022 13:05:18,401 system - system - system  INFO SQLConnectionLogger - NEW CONNECTION FROM CACHE (size : 2) CONNECTION : 16668, Current connections count : 3
16 февр. 2022 13:05:18,402 system - system - system  INFO SQLConnectionLogger - CLOSE CONNECTION TO CACHE (size : 3) CONNECTION : 16668, Current connections count : 3
16 февр. 2022 13:05:48,417 system - system - system  INFO SQLConnectionLogger - NEW CONNECTION FROM CACHE (size : 2) CONNECTION : 16668, Current connections count : 3
16 февр. 2022 13:05:48,418 system - system - system  INFO SQLConnectionLogger - CLOSE CONNECTION TO CACHE (size : 3) CONNECTION : 16668, Current connections count : 3
16 февр. 2022 13:06:18,432 system - system - system  INFO SQLConnectionLogger - NEW CONNECTION FROM CACHE (size : 2) CONNECTION : 16668, Current connections count : 3
16 февр. 2022 13:06:18,433 system - system - system  INFO SQLConnectionLogger - CLOSE CONNECTION TO CACHE (size : 3) CONNECTION : 16668, Current connections count : 3
16 февр. 2022 13:06:48,439 system - system - system  INFO SQLConnectionLogger - NEW CONNECTION FROM CACHE (size : 2) CONNECTION : 16668, Current connections count : 3
16 февр. 2022 13:06:48,440 system - system - system  INFO SQLConnectionLogger - CLOSE CONNECTION TO CACHE (size : 3) CONNECTION : 16668, Current connections count : 3
16 февр. 2022 13:07:18,443 system - system - system  INFO SQLConnectionLogger - NEW CONNECTION FROM CACHE (size : 2) CONNECTION : 16668, Current connections count : 3
16 февр. 2022 13:07:18,443 system - system - system  INFO SQLConnectionLogger - CLOSE CONNECTION TO CACHE (size : 3) CONNECTION : 16668, Current connections count : 3
16 февр. 2022 13:07:48,457 system - system - system  INFO SQLConnectionLogger - NEW CONNECTION FROM CACHE (size : 2) CONNECTION : 16668, Current connections count : 3
16 февр. 2022 13:07:48,458 system - system - system  INFO SQLConnectionLogger - CLOSE CONNECTION TO CACHE (size : 3) CONNECTION : 16668, Current connections count : 3
16 февр. 2022 13:08:18,469 system - system - system  INFO SQLConnectionLogger - NEW CONNECTION FROM CACHE (size : 2) CONNECTION : 16668, Current connections count : 3
16 февр. 2022 13:08:18,470 system - system - system  INFO SQLConnectionLogger - CLOSE CONNECTION TO CACHE (size : 3) CONNECTION : 16668, Current connections count : 3
16 февр. 2022 13:08:48,481 system - system - system  INFO SQLConnectionLogger - NEW CONNECTION FROM CACHE (size : 2) CONNECTION : 16668, Current connections count : 3
16 февр. 2022 13:08:48,482 system - system - system  INFO SQLConnectionLogger - CLOSE CONNECTION TO CACHE (size : 3) CONNECTION : 16668, Current connections count : 3
16 февр. 2022 13:09:18,494 system - system - system  INFO SQLConnectionLogger - NEW CONNECTION FROM CACHE (size : 2) CONNECTION : 16668, Current connections count : 3
16 февр. 2022 13:09:18,495 system - system - system  INFO SQLConnectionLogger - CLOSE CONNECTION TO CACHE (size : 3) CONNECTION : 16668, Current connections count : 3
16 февр. 2022 13:09:48,508 system - system - system  INFO SQLConnectionLogger - NEW CONNECTION FROM CACHE (size : 2) CONNECTION : 16668, Current connections count : 3
16 февр. 2022 13:09:48,508 system - system - system  INFO SQLConnectionLogger - CLOSE CONNECTION TO CACHE (size : 3) CONNECTION : 16668, Current connections count : 3
16 февр. 2022 13:10:18,513 system - system - system  INFO SQLConnectionLogger - NEW CONNECTION FROM CACHE (size : 2) CONNECTION : 16668, Current connections count : 3
16 февр. 2022 13:10:18,514 system - system - system  INFO SQLConnectionLogger - CLOSE CONNECTION TO CACHE (size : 3) CONNECTION : 16668, Current connections count : 3
16 февр. 2022 13:10:48,524 system - system - system  INFO SQLConnectionLogger - NEW CONNECTION FROM CACHE (size : 2) CONNECTION : 16668, Current connections count : 3
16 февр. 2022 13:10:48,524 system - system - system  INFO SQLConnectionLogger - CLOSE CONNECTION TO CACHE (size : 3) CONNECTION : 16668, Current connections count : 3
16 февр. 2022 13:11:18,537 system - system - system  INFO SQLConnectionLogger - NEW CONNECTION FROM CACHE (size : 2) CONNECTION : 16668, Current connections count : 3
16 февр. 2022 13:11:18,537 system - system - system  INFO SQLConnectionLogger - CLOSE CONNECTION TO CACHE (size : 3) CONNECTION : 16668, Current connections count : 3
16 февр. 2022 13:11:48,546 system - system - system  INFO SQLConnectionLogger - NEW CONNECTION FROM CACHE (size : 2) CONNECTION : 16668, Current connections count : 3
16 февр. 2022 13:11:48,546 system - system - system  INFO SQLConnectionLogger - CLOSE CONNECTION TO CACHE (size : 3) CONNECTION : 16668, Current connections count : 3
16 февр. 2022 13:12:18,561 system - system - system  INFO SQLConnectionLogger - NEW CONNECTION FROM CACHE (size : 2) CONNECTION : 16668, Current connections count : 3
16 февр. 2022 13:12:18,561 system - system - system  INFO SQLConnectionLogger - CLOSE CONNECTION TO CACHE (size : 3) CONNECTION : 16668, Current connections count : 3
16 февр. 2022 13:12:48,575 system - system - system  INFO SQLConnectionLogger - NEW CONNECTION FROM CACHE (size : 2) CONNECTION : 16668, Current connections count : 3
16 февр. 2022 13:12:48,575 system - system - system  INFO SQLConnectionLogger - CLOSE CONNECTION TO CACHE (size : 3) CONNECTION : 16668, Current connections count : 3
16 февр. 2022 13:13:18,580 system - system - system  INFO SQLConnectionLogger - NEW CONNECTION FROM CACHE (size : 2) CONNECTION : 16668, Current connections count : 3
16 февр. 2022 13:13:18,580 system - system - system  INFO SQLConnectionLogger - CLOSE CONNECTION TO CACHE (size : 3) CONNECTION : 16668, Current connections count : 3
16 февр. 2022 13:13:48,582 system - system - system  INFO SQLConnectionLogger - NEW CONNECTION FROM CACHE (size : 2) CONNECTION : 16668, Current connections count : 3
16 февр. 2022 13:13:48,582 system - system - system  INFO SQLConnectionLogger - CLOSE CONNECTION TO CACHE (size : 3) CONNECTION : 16668, Current connections count : 3
16 февр. 2022 13:14:18,595 system - system - system  INFO SQLConnectionLogger - NEW CONNECTION FROM CACHE (size : 2) CONNECTION : 16668, Current connections count : 3
16 февр. 2022 13:14:18,596 system - system - system  INFO SQLConnectionLogger - CLOSE CONNECTION TO CACHE (size : 3) CONNECTION : 16668, Current connections count : 3
16 февр. 2022 13:14:48,610 system - system - system  INFO SQLConnectionLogger - NEW CONNECTION FROM CACHE (size : 2) CONNECTION : 16668, Current connections count : 3
16 февр. 2022 13:14:48,611 system - system - system  INFO SQLConnectionLogger - CLOSE CONNECTION TO CACHE (size : 3) CONNECTION : 16668, Current connections count : 3
16 февр. 2022 13:15:18,625 system - system - system  INFO SQLConnectionLogger - NEW CONNECTION FROM CACHE (size : 2) CONNECTION : 16668, Current connections count : 3
16 февр. 2022 13:15:18,626 system - system - system  INFO SQLConnectionLogger - CLOSE CONNECTION TO CACHE (size : 3) CONNECTION : 16668, Current connections count : 3
16 февр. 2022 13:15:48,633 system - system - system  INFO SQLConnectionLogger - NEW CONNECTION FROM CACHE (size : 2) CONNECTION : 16668, Current connections count : 3
16 февр. 2022 13:15:48,634 system - system - system  INFO SQLConnectionLogger - CLOSE CONNECTION TO CACHE (size : 3) CONNECTION : 16668, Current connections count : 3
16 февр. 2022 13:16:18,645 system - system - system  INFO SQLConnectionLogger - NEW CONNECTION FROM CACHE (size : 2) CONNECTION : 16668, Current connections count : 3
16 февр. 2022 13:16:18,646 system - system - system  INFO SQLConnectionLogger - CLOSE CONNECTION TO CACHE (size : 3) CONNECTION : 16668, Current connections count : 3
16 февр. 2022 13:16:48,658 system - system - system  INFO SQLConnectionLogger - NEW CONNECTION FROM CACHE (size : 2) CONNECTION : 16668, Current connections count : 3
16 февр. 2022 13:16:48,658 system - system - system  INFO SQLConnectionLogger - CLOSE CONNECTION TO CACHE (size : 3) CONNECTION : 16668, Current connections count : 3
16 февр. 2022 13:17:18,674 system - system - system  INFO SQLConnectionLogger - NEW CONNECTION FROM CACHE (size : 2) CONNECTION : 16668, Current connections count : 3
16 февр. 2022 13:17:18,674 system - system - system  INFO SQLConnectionLogger - CLOSE CONNECTION TO CACHE (size : 3) CONNECTION : 16668, Current connections count : 3
16 февр. 2022 13:17:48,680 system - system - system  INFO SQLConnectionLogger - NEW CONNECTION FROM CACHE (size : 2) CONNECTION : 16668, Current connections count : 3
16 февр. 2022 13:17:48,680 system - system - system  INFO SQLConnectionLogger - CLOSE CONNECTION TO CACHE (size : 3) CONNECTION : 16668, Current connections count : 3
16 февр. 2022 13:18:18,695 system - system - system  INFO SQLConnectionLogger - NEW CONNECTION FROM CACHE (size : 2) CONNECTION : 16668, Current connections count : 3
16 февр. 2022 13:18:18,695 system - system - system  INFO SQLConnectionLogger - CLOSE CONNECTION TO CACHE (size : 3) CONNECTION : 16668, Current connections count : 3
16 февр. 2022 13:18:48,711 system - system - system  INFO SQLConnectionLogger - NEW CONNECTION FROM CACHE (size : 2) CONNECTION : 16668, Current connections count : 3
16 февр. 2022 13:18:48,711 system - system - system  INFO SQLConnectionLogger - CLOSE CONNECTION TO CACHE (size : 3) CONNECTION : 16668, Current connections count : 3
16 февр. 2022 13:19:18,720 system - system - system  INFO SQLConnectionLogger - NEW CONNECTION FROM CACHE (size : 2) CONNECTION : 16668, Current connections count : 3
16 февр. 2022 13:19:18,721 system - system - system  INFO SQLConnectionLogger - CLOSE CONNECTION TO CACHE (size : 3) CONNECTION : 16668, Current connections count : 3
16 февр. 2022 13:19:48,733 system - system - system  INFO SQLConnectionLogger - NEW CONNECTION FROM CACHE (size : 2) CONNECTION : 16668, Current connections count : 3
16 февр. 2022 13:19:48,734 system - system - system  INFO SQLConnectionLogger - CLOSE CONNECTION TO CACHE (size : 3) CONNECTION : 16668, Current connections count : 3
16 февр. 2022 13:20:18,747 system - system - system  INFO SQLConnectionLogger - NEW CONNECTION FROM CACHE (size : 2) CONNECTION : 16668, Current connections count : 3
16 февр. 2022 13:20:18,748 system - system - system  INFO SQLConnectionLogger - CLOSE CONNECTION TO CACHE (size : 3) CONNECTION : 16668, Current connections count : 3
16 февр. 2022 13:20:48,751 system - system - system  INFO SQLConnectionLogger - NEW CONNECTION FROM CACHE (size : 2) CONNECTION : 16668, Current connections count : 3
16 февр. 2022 13:20:48,751 system - system - system  INFO SQLConnectionLogger - CLOSE CONNECTION TO CACHE (size : 3) CONNECTION : 16668, Current connections count : 3
16 февр. 2022 13:21:18,762 system - system - system  INFO SQLConnectionLogger - NEW CONNECTION FROM CACHE (size : 2) CONNECTION : 16668, Current connections count : 3
16 февр. 2022 13:21:18,763 system - system - system  INFO SQLConnectionLogger - CLOSE CONNECTION TO CACHE (size : 3) CONNECTION : 16668, Current connections count : 3
16 февр. 2022 13:21:48,767 system - system - system  INFO SQLConnectionLogger - NEW CONNECTION FROM CACHE (size : 2) CONNECTION : 16668, Current connections count : 3
16 февр. 2022 13:21:48,767 system - system - system  INFO SQLConnectionLogger - CLOSE CONNECTION TO CACHE (size : 3) CONNECTION : 16668, Current connections count : 3
16 февр. 2022 13:22:18,768 system - system - system  INFO SQLConnectionLogger - NEW CONNECTION FROM CACHE (size : 2) CONNECTION : 16668, Current connections count : 3
16 февр. 2022 13:22:18,768 system - system - system  INFO SQLConnectionLogger - CLOSE CONNECTION TO CACHE (size : 3) CONNECTION : 16668, Current connections count : 3
16 февр. 2022 13:22:48,778 system - system - system  INFO SQLConnectionLogger - NEW CONNECTION FROM CACHE (size : 2) CONNECTION : 16668, Current connections count : 3
16 февр. 2022 13:22:48,779 system - system - system  INFO SQLConnectionLogger - CLOSE CONNECTION TO CACHE (size : 3) CONNECTION : 16668, Current connections count : 3
16 февр. 2022 13:23:18,794 system - system - system  INFO SQLConnectionLogger - NEW CONNECTION FROM CACHE (size : 2) CONNECTION : 16668, Current connections count : 3
16 февр. 2022 13:23:18,794 system - system - system  INFO SQLConnectionLogger - CLOSE CONNECTION TO CACHE (size : 3) CONNECTION : 16668, Current connections count : 3
16 февр. 2022 13:23:48,799 system - system - system  INFO SQLConnectionLogger - NEW CONNECTION FROM CACHE (size : 2) CONNECTION : 16668, Current connections count : 3
16 февр. 2022 13:23:48,800 system - system - system  INFO SQLConnectionLogger - CLOSE CONNECTION TO CACHE (size : 3) CONNECTION : 16668, Current connections count : 3
16 февр. 2022 13:24:18,805 system - system - system  INFO SQLConnectionLogger - NEW CONNECTION FROM CACHE (size : 2) CONNECTION : 16668, Current connections count : 3
16 февр. 2022 13:24:18,805 system - system - system  INFO SQLConnectionLogger - CLOSE CONNECTION TO CACHE (size : 3) CONNECTION : 16668, Current connections count : 3
16 февр. 2022 13:24:48,818 system - system - system  INFO SQLConnectionLogger - NEW CONNECTION FROM CACHE (size : 2) CONNECTION : 16668, Current connections count : 3
16 февр. 2022 13:24:48,818 system - system - system  INFO SQLConnectionLogger - CLOSE CONNECTION TO CACHE (size : 3) CONNECTION : 16668, Current connections count : 3
16 февр. 2022 13:25:18,826 system - system - system  INFO SQLConnectionLogger - NEW CONNECTION FROM CACHE (size : 2) CONNECTION : 16668, Current connections count : 3
16 февр. 2022 13:25:18,826 system - system - system  INFO SQLConnectionLogger - CLOSE CONNECTION TO CACHE (size : 3) CONNECTION : 16668, Current connections count : 3
16 февр. 2022 13:25:48,830 system - system - system  INFO SQLConnectionLogger - NEW CONNECTION FROM CACHE (size : 2) CONNECTION : 16668, Current connections count : 3
16 февр. 2022 13:25:48,830 system - system - system  INFO SQLConnectionLogger - CLOSE CONNECTION TO CACHE (size : 3) CONNECTION : 16668, Current connections count : 3
16 февр. 2022 13:26:18,845 system - system - system  INFO SQLConnectionLogger - NEW CONNECTION FROM CACHE (size : 2) CONNECTION : 16668, Current connections count : 3
16 февр. 2022 13:26:18,846 system - system - system  INFO SQLConnectionLogger - CLOSE CONNECTION TO CACHE (size : 3) CONNECTION : 16668, Current connections count : 3
16 февр. 2022 13:26:48,858 system - system - system  INFO SQLConnectionLogger - NEW CONNECTION FROM CACHE (size : 2) CONNECTION : 16668, Current connections count : 3
16 февр. 2022 13:26:48,858 system - system - system  INFO SQLConnectionLogger - CLOSE CONNECTION TO CACHE (size : 3) CONNECTION : 16668, Current connections count : 3
16 февр. 2022 13:27:18,868 system - system - system  INFO SQLConnectionLogger - NEW CONNECTION FROM CACHE (size : 2) CONNECTION : 16668, Current connections count : 3
16 февр. 2022 13:27:18,869 system - system - system  INFO SQLConnectionLogger - CLOSE CONNECTION TO CACHE (size : 3) CONNECTION : 16668, Current connections count : 3
16 февр. 2022 13:27:48,876 system - system - system  INFO SQLConnectionLogger - NEW CONNECTION FROM CACHE (size : 2) CONNECTION : 16668, Current connections count : 3
16 февр. 2022 13:27:48,876 system - system - system  INFO SQLConnectionLogger - CLOSE CONNECTION TO CACHE (size : 3) CONNECTION : 16668, Current connections count : 3
16 февр. 2022 13:28:18,880 system - system - system  INFO SQLConnectionLogger - NEW CONNECTION FROM CACHE (size : 2) CONNECTION : 16668, Current connections count : 3
16 февр. 2022 13:28:18,881 system - system - system  INFO SQLConnectionLogger - CLOSE CONNECTION TO CACHE (size : 3) CONNECTION : 16668, Current connections count : 3
16 февр. 2022 13:28:48,885 system - system - system  INFO SQLConnectionLogger - NEW CONNECTION FROM CACHE (size : 2) CONNECTION : 16668, Current connections count : 3
16 февр. 2022 13:28:48,885 system - system - system  INFO SQLConnectionLogger - CLOSE CONNECTION TO CACHE (size : 3) CONNECTION : 16668, Current connections count : 3
16 февр. 2022 13:29:18,886 system - system - system  INFO SQLConnectionLogger - NEW CONNECTION FROM CACHE (size : 2) CONNECTION : 16668, Current connections count : 3
16 февр. 2022 13:29:18,887 system - system - system  INFO SQLConnectionLogger - CLOSE CONNECTION TO CACHE (size : 3) CONNECTION : 16668, Current connections count : 3
16 февр. 2022 13:29:48,897 system - system - system  INFO SQLConnectionLogger - NEW CONNECTION FROM CACHE (size : 2) CONNECTION : 16668, Current connections count : 3
16 февр. 2022 13:29:48,898 system - system - system  INFO SQLConnectionLogger - CLOSE CONNECTION TO CACHE (size : 3) CONNECTION : 16668, Current connections count : 3
16 февр. 2022 13:30:18,911 system - system - system  INFO SQLConnectionLogger - NEW CONNECTION FROM CACHE (size : 2) CONNECTION : 16668, Current connections count : 3
16 февр. 2022 13:30:18,912 system - system - system  INFO SQLConnectionLogger - CLOSE CONNECTION TO CACHE (size : 3) CONNECTION : 16668, Current connections count : 3
16 февр. 2022 13:30:48,926 system - system - system  INFO SQLConnectionLogger - NEW CONNECTION FROM CACHE (size : 2) CONNECTION : 16668, Current connections count : 3
16 февр. 2022 13:30:48,927 system - system - system  INFO SQLConnectionLogger - CLOSE CONNECTION TO CACHE (size : 3) CONNECTION : 16668, Current connections count : 3
16 февр. 2022 13:31:18,936 system - system - system  INFO SQLConnectionLogger - NEW CONNECTION FROM CACHE (size : 2) CONNECTION : 16668, Current connections count : 3
16 февр. 2022 13:31:18,936 system - system - system  INFO SQLConnectionLogger - CLOSE CONNECTION TO CACHE (size : 3) CONNECTION : 16668, Current connections count : 3
16 февр. 2022 13:31:48,945 system - system - system  INFO SQLConnectionLogger - NEW CONNECTION FROM CACHE (size : 2) CONNECTION : 16668, Current connections count : 3
16 февр. 2022 13:31:48,946 system - system - system  INFO SQLConnectionLogger - CLOSE CONNECTION TO CACHE (size : 3) CONNECTION : 16668, Current connections count : 3
16 февр. 2022 13:32:18,953 system - system - system  INFO SQLConnectionLogger - NEW CONNECTION FROM CACHE (size : 2) CONNECTION : 16668, Current connections count : 3
16 февр. 2022 13:32:18,954 system - system - system  INFO SQLConnectionLogger - CLOSE CONNECTION TO CACHE (size : 3) CONNECTION : 16668, Current connections count : 3
16 февр. 2022 13:32:48,966 system - system - system  INFO SQLConnectionLogger - NEW CONNECTION FROM CACHE (size : 2) CONNECTION : 16668, Current connections count : 3
16 февр. 2022 13:32:48,966 system - system - system  INFO SQLConnectionLogger - CLOSE CONNECTION TO CACHE (size : 3) CONNECTION : 16668, Current connections count : 3
16 февр. 2022 13:33:18,969 system - system - system  INFO SQLConnectionLogger - NEW CONNECTION FROM CACHE (size : 2) CONNECTION : 16668, Current connections count : 3
16 февр. 2022 13:33:18,969 system - system - system  INFO SQLConnectionLogger - CLOSE CONNECTION TO CACHE (size : 3) CONNECTION : 16668, Current connections count : 3
16 февр. 2022 13:33:48,396 system - system - system  INFO SQLConnectionLogger - NEW CONNECTION FROM CACHE (size : 2) CONNECTION : 16668, Current connections count : 3
16 февр. 2022 13:33:48,411 system - system - system  INFO SQLConnectionLogger - CLOSE CONNECTION TO CACHE (size : 3) CONNECTION : 16668, Current connections count : 3
16 февр. 2022 13:33:48,982 system - system - system  INFO SQLConnectionLogger - NEW CONNECTION FROM CACHE (size : 2) CONNECTION : 16668, Current connections count : 3
16 февр. 2022 13:33:48,982 system - system - system  INFO SQLConnectionLogger - CLOSE CONNECTION TO CACHE (size : 3) CONNECTION : 16668, Current connections count : 3
16 февр. 2022 13:34:18,997 system - system - system  INFO SQLConnectionLogger - NEW CONNECTION FROM CACHE (size : 2) CONNECTION : 16668, Current connections count : 3
16 февр. 2022 13:34:18,997 system - system - system  INFO SQLConnectionLogger - CLOSE CONNECTION TO CACHE (size : 3) CONNECTION : 16668, Current connections count : 3
16 февр. 2022 13:34:49,007 system - system - system  INFO SQLConnectionLogger - NEW CONNECTION FROM CACHE (size : 2) CONNECTION : 16668, Current connections count : 3
16 февр. 2022 13:34:49,008 system - system - system  INFO SQLConnectionLogger - CLOSE CONNECTION TO CACHE (size : 3) CONNECTION : 16668, Current connections count : 3
16 февр. 2022 13:35:19,010 system - system - system  INFO SQLConnectionLogger - NEW CONNECTION FROM CACHE (size : 2) CONNECTION : 16668, Current connections count : 3
16 февр. 2022 13:35:19,011 system - system - system  INFO SQLConnectionLogger - CLOSE CONNECTION TO CACHE (size : 3) CONNECTION : 16668, Current connections count : 3
16 февр. 2022 13:35:49,013 system - system - system  INFO SQLConnectionLogger - NEW CONNECTION FROM CACHE (size : 2) CONNECTION : 16668, Current connections count : 3
16 февр. 2022 13:35:49,014 system - system - system  INFO SQLConnectionLogger - CLOSE CONNECTION TO CACHE (size : 3) CONNECTION : 16668, Current connections count : 3
16 февр. 2022 13:36:19,016 system - system - system  INFO SQLConnectionLogger - NEW CONNECTION FROM CACHE (size : 2) CONNECTION : 16668, Current connections count : 3
16 февр. 2022 13:36:19,017 system - system - system  INFO SQLConnectionLogger - CLOSE CONNECTION TO CACHE (size : 3) CONNECTION : 16668, Current connections count : 3
16 февр. 2022 13:36:49,026 system - system - system  INFO SQLConnectionLogger - NEW CONNECTION FROM CACHE (size : 2) CONNECTION : 16668, Current connections count : 3
16 февр. 2022 13:36:49,026 system - system - system  INFO SQLConnectionLogger - CLOSE CONNECTION TO CACHE (size : 3) CONNECTION : 16668, Current connections count : 3
16 февр. 2022 13:37:19,030 system - system - system  INFO SQLConnectionLogger - NEW CONNECTION FROM CACHE (size : 2) CONNECTION : 16668, Current connections count : 3
16 февр. 2022 13:37:19,031 system - system - system  INFO SQLConnectionLogger - CLOSE CONNECTION TO CACHE (size : 3) CONNECTION : 16668, Current connections count : 3
16 февр. 2022 13:37:49,040 system - system - system  INFO SQLConnectionLogger - NEW CONNECTION FROM CACHE (size : 2) CONNECTION : 16668, Current connections count : 3
16 февр. 2022 13:37:49,041 system - system - system  INFO SQLConnectionLogger - CLOSE CONNECTION TO CACHE (size : 3) CONNECTION : 16668, Current connections count : 3
16 февр. 2022 13:38:19,053 system - system - system  INFO SQLConnectionLogger - NEW CONNECTION FROM CACHE (size : 2) CONNECTION : 16668, Current connections count : 3
16 февр. 2022 13:38:19,054 system - system - system  INFO SQLConnectionLogger - CLOSE CONNECTION TO CACHE (size : 3) CONNECTION : 16668, Current connections count : 3
16 февр. 2022 13:38:49,058 system - system - system  INFO SQLConnectionLogger - NEW CONNECTION FROM CACHE (size : 2) CONNECTION : 16668, Current connections count : 3
16 февр. 2022 13:38:49,059 system - system - system  INFO SQLConnectionLogger - CLOSE CONNECTION TO CACHE (size : 3) CONNECTION : 16668, Current connections count : 3
16 февр. 2022 13:39:19,061 system - system - system  INFO SQLConnectionLogger - NEW CONNECTION FROM CACHE (size : 2) CONNECTION : 16668, Current connections count : 3
16 февр. 2022 13:39:19,062 system - system - system  INFO SQLConnectionLogger - CLOSE CONNECTION TO CACHE (size : 3) CONNECTION : 16668, Current connections count : 3
16 февр. 2022 13:39:49,063 system - system - system  INFO SQLConnectionLogger - NEW CONNECTION FROM CACHE (size : 2) CONNECTION : 16668, Current connections count : 3
16 февр. 2022 13:39:49,063 system - system - system  INFO SQLConnectionLogger - CLOSE CONNECTION TO CACHE (size : 3) CONNECTION : 16668, Current connections count : 3
16 февр. 2022 13:40:19,068 system - system - system  INFO SQLConnectionLogger - NEW CONNECTION FROM CACHE (size : 2) CONNECTION : 16668, Current connections count : 3
16 февр. 2022 13:40:19,068 system - system - system  INFO SQLConnectionLogger - CLOSE CONNECTION TO CACHE (size : 3) CONNECTION : 16668, Current connections count : 3
16 февр. 2022 13:40:49,084 system - system - system  INFO SQLConnectionLogger - NEW CONNECTION FROM CACHE (size : 2) CONNECTION : 16668, Current connections count : 3
16 февр. 2022 13:40:49,085 system - system - system  INFO SQLConnectionLogger - CLOSE CONNECTION TO CACHE (size : 3) CONNECTION : 16668, Current connections count : 3
16 февр. 2022 13:41:19,089 system - system - system  INFO SQLConnectionLogger - NEW CONNECTION FROM CACHE (size : 2) CONNECTION : 16668, Current connections count : 3
16 февр. 2022 13:41:19,090 system - system - system  INFO SQLConnectionLogger - CLOSE CONNECTION TO CACHE (size : 3) CONNECTION : 16668, Current connections count : 3
